{"C:\\Git\\Tristan\\Travel-Itinerary-App\\server\\src\\apis\\openaiCallers.ts": {"path":"C:\\Git\\Tristan\\Travel-Itinerary-App\\server\\src\\apis\\openaiCallers.ts","all":false,"statementMap":{"0":{"start":{"line":1,"column":0},"end":{"line":1,"column":55}},"1":{"start":{"line":2,"column":0},"end":{"line":2,"column":0}},"2":{"start":{"line":3,"column":0},"end":{"line":3,"column":67}},"3":{"start":{"line":4,"column":0},"end":{"line":4,"column":77}},"4":{"start":{"line":5,"column":0},"end":{"line":5,"column":79}},"5":{"start":{"line":6,"column":0},"end":{"line":6,"column":77}},"6":{"start":{"line":7,"column":0},"end":{"line":7,"column":85}},"7":{"start":{"line":8,"column":0},"end":{"line":8,"column":81}},"8":{"start":{"line":9,"column":0},"end":{"line":9,"column":0}},"9":{"start":{"line":10,"column":0},"end":{"line":10,"column":48}},"10":{"start":{"line":11,"column":0},"end":{"line":11,"column":17}},"11":{"start":{"line":12,"column":0},"end":{"line":12,"column":17}},"12":{"start":{"line":13,"column":0},"end":{"line":13,"column":23}},"13":{"start":{"line":14,"column":0},"end":{"line":14,"column":21}},"14":{"start":{"line":15,"column":0},"end":{"line":15,"column":23}},"15":{"start":{"line":16,"column":0},"end":{"line":16,"column":21}},"16":{"start":{"line":17,"column":0},"end":{"line":17,"column":31}},"17":{"start":{"line":18,"column":0},"end":{"line":18,"column":47}},"18":{"start":{"line":19,"column":0},"end":{"line":19,"column":26}},"19":{"start":{"line":20,"column":0},"end":{"line":20,"column":26}},"20":{"start":{"line":21,"column":0},"end":{"line":21,"column":14}},"21":{"start":{"line":22,"column":0},"end":{"line":22,"column":27}},"22":{"start":{"line":23,"column":0},"end":{"line":23,"column":17}},"23":{"start":{"line":24,"column":0},"end":{"line":24,"column":57}},"24":{"start":{"line":25,"column":0},"end":{"line":25,"column":53}},"25":{"start":{"line":26,"column":0},"end":{"line":26,"column":8}},"26":{"start":{"line":27,"column":0},"end":{"line":27,"column":85}},"27":{"start":{"line":28,"column":0},"end":{"line":28,"column":80}},"28":{"start":{"line":29,"column":0},"end":{"line":29,"column":6}},"29":{"start":{"line":30,"column":0},"end":{"line":30,"column":5}},"30":{"start":{"line":31,"column":0},"end":{"line":31,"column":0}},"31":{"start":{"line":32,"column":0},"end":{"line":32,"column":54}},"32":{"start":{"line":33,"column":0},"end":{"line":33,"column":2}},"33":{"start":{"line":34,"column":0},"end":{"line":34,"column":0}},"34":{"start":{"line":35,"column":0},"end":{"line":35,"column":62}},"35":{"start":{"line":36,"column":0},"end":{"line":36,"column":17}},"36":{"start":{"line":37,"column":0},"end":{"line":37,"column":17}},"37":{"start":{"line":38,"column":0},"end":{"line":38,"column":31}},"38":{"start":{"line":39,"column":0},"end":{"line":39,"column":34}},"39":{"start":{"line":40,"column":0},"end":{"line":40,"column":26}},"40":{"start":{"line":41,"column":0},"end":{"line":41,"column":45}},"41":{"start":{"line":42,"column":0},"end":{"line":42,"column":70}},"42":{"start":{"line":43,"column":0},"end":{"line":43,"column":30}},"43":{"start":{"line":44,"column":0},"end":{"line":44,"column":21}},"44":{"start":{"line":45,"column":0},"end":{"line":45,"column":19}},"45":{"start":{"line":46,"column":0},"end":{"line":46,"column":5}},"46":{"start":{"line":47,"column":0},"end":{"line":47,"column":2}},"47":{"start":{"line":48,"column":0},"end":{"line":48,"column":0}},"48":{"start":{"line":49,"column":0},"end":{"line":49,"column":64}},"49":{"start":{"line":50,"column":0},"end":{"line":50,"column":17}},"50":{"start":{"line":51,"column":0},"end":{"line":51,"column":9}},"51":{"start":{"line":52,"column":0},"end":{"line":52,"column":49}},"52":{"start":{"line":53,"column":0},"end":{"line":53,"column":50}},"53":{"start":{"line":54,"column":0},"end":{"line":54,"column":49}},"54":{"start":{"line":55,"column":0},"end":{"line":55,"column":53}},"55":{"start":{"line":56,"column":0},"end":{"line":56,"column":52}},"56":{"start":{"line":57,"column":0},"end":{"line":57,"column":23}},"57":{"start":{"line":58,"column":0},"end":{"line":58,"column":21}},"58":{"start":{"line":59,"column":0},"end":{"line":59,"column":21}},"59":{"start":{"line":60,"column":0},"end":{"line":60,"column":31}},"60":{"start":{"line":61,"column":0},"end":{"line":61,"column":34}},"61":{"start":{"line":62,"column":0},"end":{"line":62,"column":26}},"62":{"start":{"line":63,"column":0},"end":{"line":63,"column":26}},"63":{"start":{"line":64,"column":0},"end":{"line":64,"column":38}},"64":{"start":{"line":65,"column":0},"end":{"line":65,"column":34}},"65":{"start":{"line":66,"column":0},"end":{"line":66,"column":21}},"66":{"start":{"line":67,"column":0},"end":{"line":67,"column":32}},"67":{"start":{"line":68,"column":0},"end":{"line":68,"column":5}},"68":{"start":{"line":69,"column":0},"end":{"line":69,"column":2}}},"s":{"0":1,"1":1,"2":1,"3":1,"4":1,"5":1,"6":1,"7":1,"8":1,"9":1,"10":15,"11":15,"12":15,"13":15,"14":15,"15":15,"16":15,"17":15,"18":15,"19":15,"20":15,"21":15,"22":15,"23":15,"24":15,"25":15,"26":15,"27":15,"28":15,"29":15,"30":15,"31":15,"32":15,"33":1,"34":1,"35":0,"36":0,"37":0,"38":0,"39":0,"40":0,"41":0,"42":0,"43":0,"44":0,"45":0,"46":0,"47":1,"48":1,"49":15,"50":15,"51":15,"52":15,"53":15,"54":15,"55":15,"56":15,"57":15,"58":15,"59":15,"60":15,"61":15,"62":15,"63":15,"64":15,"65":15,"66":15,"67":15,"68":15},"branchMap":{"0":{"type":"branch","line":10,"loc":{"start":{"line":10,"column":32},"end":{"line":33,"column":2}},"locations":[{"start":{"line":10,"column":32},"end":{"line":33,"column":2}}]},"1":{"type":"branch","line":27,"loc":{"start":{"line":27,"column":79},"end":{"line":27,"column":84}},"locations":[{"start":{"line":27,"column":79},"end":{"line":27,"column":84}}]},"2":{"type":"branch","line":28,"loc":{"start":{"line":28,"column":74},"end":{"line":28,"column":79}},"locations":[{"start":{"line":28,"column":74},"end":{"line":28,"column":79}}]},"3":{"type":"branch","line":32,"loc":{"start":{"line":32,"column":45},"end":{"line":32,"column":53}},"locations":[{"start":{"line":32,"column":45},"end":{"line":32,"column":53}}]},"4":{"type":"branch","line":49,"loc":{"start":{"line":49,"column":48},"end":{"line":69,"column":2}},"locations":[{"start":{"line":49,"column":48},"end":{"line":69,"column":2}}]}},"b":{"0":[15],"1":[0],"2":[0],"3":[0],"4":[15]},"fnMap":{"0":{"name":"runOpenAiTextCompletion","decl":{"start":{"line":10,"column":32},"end":{"line":33,"column":2}},"loc":{"start":{"line":10,"column":32},"end":{"line":33,"column":2}},"line":10},"1":{"name":"generateItineraryPlanViaOpenAi","decl":{"start":{"line":35,"column":46},"end":{"line":47,"column":2}},"loc":{"start":{"line":35,"column":46},"end":{"line":47,"column":2}},"line":35},"2":{"name":"runItineraryPromptStageViaOpenAi","decl":{"start":{"line":49,"column":48},"end":{"line":69,"column":2}},"loc":{"start":{"line":49,"column":48},"end":{"line":69,"column":2}},"line":49}},"f":{"0":15,"1":0,"2":15}}
,"C:\\Git\\Tristan\\Travel-Itinerary-App\\server\\src\\routes\\itineraryRoutes.ts": {"path":"C:\\Git\\Tristan\\Travel-Itinerary-App\\server\\src\\routes\\itineraryRoutes.ts","all":false,"statementMap":{"0":{"start":{"line":1,"column":0},"end":{"line":1,"column":33}},"1":{"start":{"line":2,"column":0},"end":{"line":2,"column":37}},"2":{"start":{"line":3,"column":0},"end":{"line":3,"column":39}},"3":{"start":{"line":4,"column":0},"end":{"line":4,"column":60}},"4":{"start":{"line":5,"column":0},"end":{"line":5,"column":37}},"5":{"start":{"line":6,"column":0},"end":{"line":6,"column":37}},"6":{"start":{"line":7,"column":0},"end":{"line":7,"column":53}},"7":{"start":{"line":8,"column":0},"end":{"line":8,"column":88}},"8":{"start":{"line":9,"column":0},"end":{"line":9,"column":61}},"9":{"start":{"line":10,"column":0},"end":{"line":10,"column":0}},"10":{"start":{"line":11,"column":0},"end":{"line":11,"column":25}},"11":{"start":{"line":12,"column":0},"end":{"line":12,"column":98}},"12":{"start":{"line":13,"column":0},"end":{"line":13,"column":0}},"13":{"start":{"line":14,"column":0},"end":{"line":14,"column":69}},"14":{"start":{"line":15,"column":0},"end":{"line":15,"column":24}},"15":{"start":{"line":16,"column":0},"end":{"line":16,"column":30}},"16":{"start":{"line":17,"column":0},"end":{"line":17,"column":25}},"17":{"start":{"line":18,"column":0},"end":{"line":18,"column":0}},"18":{"start":{"line":19,"column":0},"end":{"line":19,"column":43}},"19":{"start":{"line":20,"column":0},"end":{"line":20,"column":59}},"20":{"start":{"line":21,"column":0},"end":{"line":21,"column":18}},"21":{"start":{"line":22,"column":0},"end":{"line":22,"column":60}},"22":{"start":{"line":23,"column":0},"end":{"line":23,"column":11}},"23":{"start":{"line":24,"column":0},"end":{"line":24,"column":3}},"24":{"start":{"line":25,"column":0},"end":{"line":25,"column":0}},"25":{"start":{"line":26,"column":0},"end":{"line":26,"column":7}},"26":{"start":{"line":27,"column":0},"end":{"line":27,"column":85}},"27":{"start":{"line":28,"column":0},"end":{"line":28,"column":73}},"28":{"start":{"line":29,"column":0},"end":{"line":29,"column":89}},"29":{"start":{"line":30,"column":0},"end":{"line":30,"column":98}},"30":{"start":{"line":31,"column":0},"end":{"line":31,"column":22}},"31":{"start":{"line":32,"column":0},"end":{"line":32,"column":103}},"32":{"start":{"line":33,"column":0},"end":{"line":33,"column":13}},"33":{"start":{"line":34,"column":0},"end":{"line":34,"column":5}},"34":{"start":{"line":35,"column":0},"end":{"line":35,"column":14}},"35":{"start":{"line":36,"column":0},"end":{"line":36,"column":22}},"36":{"start":{"line":37,"column":0},"end":{"line":37,"column":28}},"37":{"start":{"line":38,"column":0},"end":{"line":38,"column":32}},"38":{"start":{"line":39,"column":0},"end":{"line":39,"column":40}},"39":{"start":{"line":40,"column":0},"end":{"line":40,"column":7}},"40":{"start":{"line":41,"column":0},"end":{"line":41,"column":17}},"41":{"start":{"line":42,"column":0},"end":{"line":42,"column":51}},"42":{"start":{"line":43,"column":0},"end":{"line":43,"column":101}},"43":{"start":{"line":44,"column":0},"end":{"line":44,"column":3}},"44":{"start":{"line":45,"column":0},"end":{"line":45,"column":3}},"45":{"start":{"line":46,"column":0},"end":{"line":46,"column":0}},"46":{"start":{"line":47,"column":0},"end":{"line":47,"column":38}},"47":{"start":{"line":48,"column":0},"end":{"line":48,"column":47}},"48":{"start":{"line":49,"column":0},"end":{"line":49,"column":16}},"49":{"start":{"line":50,"column":0},"end":{"line":50,"column":79}},"50":{"start":{"line":51,"column":0},"end":{"line":51,"column":11}},"51":{"start":{"line":52,"column":0},"end":{"line":52,"column":3}},"52":{"start":{"line":53,"column":0},"end":{"line":53,"column":32}},"53":{"start":{"line":54,"column":0},"end":{"line":54,"column":120}},"54":{"start":{"line":55,"column":0},"end":{"line":55,"column":11}},"55":{"start":{"line":56,"column":0},"end":{"line":56,"column":3}},"56":{"start":{"line":57,"column":0},"end":{"line":57,"column":0}},"57":{"start":{"line":58,"column":0},"end":{"line":58,"column":121}},"58":{"start":{"line":59,"column":0},"end":{"line":59,"column":52}},"59":{"start":{"line":60,"column":0},"end":{"line":60,"column":52}},"60":{"start":{"line":61,"column":0},"end":{"line":61,"column":74}},"61":{"start":{"line":62,"column":0},"end":{"line":62,"column":9}},"62":{"start":{"line":63,"column":0},"end":{"line":63,"column":53}},"63":{"start":{"line":64,"column":0},"end":{"line":64,"column":34}},"64":{"start":{"line":65,"column":0},"end":{"line":65,"column":35}},"65":{"start":{"line":66,"column":0},"end":{"line":66,"column":28}},"66":{"start":{"line":67,"column":0},"end":{"line":67,"column":72}},"67":{"start":{"line":68,"column":0},"end":{"line":68,"column":11}},"68":{"start":{"line":69,"column":0},"end":{"line":69,"column":3}},"69":{"start":{"line":70,"column":0},"end":{"line":70,"column":31}},"70":{"start":{"line":71,"column":0},"end":{"line":71,"column":50}},"71":{"start":{"line":72,"column":0},"end":{"line":72,"column":70}},"72":{"start":{"line":73,"column":0},"end":{"line":73,"column":11}},"73":{"start":{"line":74,"column":0},"end":{"line":74,"column":3}},"74":{"start":{"line":75,"column":0},"end":{"line":75,"column":32}},"75":{"start":{"line":76,"column":0},"end":{"line":76,"column":32}},"76":{"start":{"line":77,"column":0},"end":{"line":77,"column":79}},"77":{"start":{"line":78,"column":0},"end":{"line":78,"column":63}},"78":{"start":{"line":79,"column":0},"end":{"line":79,"column":11}},"79":{"start":{"line":80,"column":0},"end":{"line":80,"column":3}},"80":{"start":{"line":81,"column":0},"end":{"line":81,"column":0}},"81":{"start":{"line":82,"column":0},"end":{"line":82,"column":46}},"82":{"start":{"line":83,"column":0},"end":{"line":83,"column":84}},"83":{"start":{"line":84,"column":0},"end":{"line":84,"column":11}},"84":{"start":{"line":85,"column":0},"end":{"line":85,"column":3}},"85":{"start":{"line":86,"column":0},"end":{"line":86,"column":0}},"86":{"start":{"line":87,"column":0},"end":{"line":87,"column":82}},"87":{"start":{"line":88,"column":0},"end":{"line":88,"column":7}},"88":{"start":{"line":89,"column":0},"end":{"line":89,"column":63}},"89":{"start":{"line":90,"column":0},"end":{"line":90,"column":22}},"90":{"start":{"line":91,"column":0},"end":{"line":91,"column":39}},"91":{"start":{"line":92,"column":0},"end":{"line":92,"column":42}},"92":{"start":{"line":93,"column":0},"end":{"line":93,"column":28}},"93":{"start":{"line":94,"column":0},"end":{"line":94,"column":127}},"94":{"start":{"line":95,"column":0},"end":{"line":95,"column":24}},"95":{"start":{"line":96,"column":0},"end":{"line":96,"column":9}},"96":{"start":{"line":97,"column":0},"end":{"line":97,"column":13}},"97":{"start":{"line":98,"column":0},"end":{"line":98,"column":5}},"98":{"start":{"line":99,"column":0},"end":{"line":99,"column":42}},"99":{"start":{"line":100,"column":0},"end":{"line":100,"column":28}},"100":{"start":{"line":101,"column":0},"end":{"line":101,"column":95}},"101":{"start":{"line":102,"column":0},"end":{"line":102,"column":24}},"102":{"start":{"line":103,"column":0},"end":{"line":103,"column":9}},"103":{"start":{"line":104,"column":0},"end":{"line":104,"column":13}},"104":{"start":{"line":105,"column":0},"end":{"line":105,"column":5}},"105":{"start":{"line":106,"column":0},"end":{"line":106,"column":79}},"106":{"start":{"line":107,"column":0},"end":{"line":107,"column":11}},"107":{"start":{"line":108,"column":0},"end":{"line":108,"column":3}},"108":{"start":{"line":109,"column":0},"end":{"line":109,"column":0}},"109":{"start":{"line":110,"column":0},"end":{"line":110,"column":45}},"110":{"start":{"line":111,"column":0},"end":{"line":111,"column":31}},"111":{"start":{"line":112,"column":0},"end":{"line":112,"column":43}},"112":{"start":{"line":113,"column":0},"end":{"line":113,"column":42}},"113":{"start":{"line":114,"column":0},"end":{"line":114,"column":61}},"114":{"start":{"line":115,"column":0},"end":{"line":115,"column":9}},"115":{"start":{"line":116,"column":0},"end":{"line":116,"column":9}},"116":{"start":{"line":117,"column":0},"end":{"line":117,"column":0}},"117":{"start":{"line":118,"column":0},"end":{"line":118,"column":47}},"118":{"start":{"line":119,"column":0},"end":{"line":119,"column":45}},"119":{"start":{"line":120,"column":0},"end":{"line":120,"column":48}},"120":{"start":{"line":121,"column":0},"end":{"line":121,"column":47}},"121":{"start":{"line":122,"column":0},"end":{"line":122,"column":7}},"122":{"start":{"line":123,"column":0},"end":{"line":123,"column":43}},"123":{"start":{"line":124,"column":0},"end":{"line":124,"column":15}},"124":{"start":{"line":125,"column":0},"end":{"line":125,"column":45}},"125":{"start":{"line":126,"column":0},"end":{"line":126,"column":41}},"126":{"start":{"line":127,"column":0},"end":{"line":127,"column":47}},"127":{"start":{"line":128,"column":0},"end":{"line":128,"column":45}},"128":{"start":{"line":129,"column":0},"end":{"line":129,"column":5}},"129":{"start":{"line":130,"column":0},"end":{"line":130,"column":11}},"130":{"start":{"line":131,"column":0},"end":{"line":131,"column":91}},"131":{"start":{"line":132,"column":0},"end":{"line":132,"column":3}},"132":{"start":{"line":133,"column":0},"end":{"line":133,"column":0}},"133":{"start":{"line":134,"column":0},"end":{"line":134,"column":7}},"134":{"start":{"line":135,"column":0},"end":{"line":135,"column":57}},"135":{"start":{"line":136,"column":0},"end":{"line":136,"column":13}},"136":{"start":{"line":137,"column":0},"end":{"line":137,"column":88}},"137":{"start":{"line":138,"column":0},"end":{"line":138,"column":20}},"138":{"start":{"line":139,"column":0},"end":{"line":139,"column":21}},"139":{"start":{"line":140,"column":0},"end":{"line":140,"column":21}},"140":{"start":{"line":141,"column":0},"end":{"line":141,"column":87}},"141":{"start":{"line":142,"column":0},"end":{"line":142,"column":66}},"142":{"start":{"line":143,"column":0},"end":{"line":143,"column":20}},"143":{"start":{"line":144,"column":0},"end":{"line":144,"column":18}},"144":{"start":{"line":145,"column":0},"end":{"line":145,"column":20}},"145":{"start":{"line":146,"column":0},"end":{"line":146,"column":18}},"146":{"start":{"line":147,"column":0},"end":{"line":147,"column":21}},"147":{"start":{"line":148,"column":0},"end":{"line":148,"column":20}},"148":{"start":{"line":149,"column":0},"end":{"line":149,"column":25}},"149":{"start":{"line":150,"column":0},"end":{"line":150,"column":7}},"150":{"start":{"line":151,"column":0},"end":{"line":151,"column":31}},"151":{"start":{"line":152,"column":0},"end":{"line":152,"column":63}},"152":{"start":{"line":153,"column":0},"end":{"line":153,"column":13}},"153":{"start":{"line":154,"column":0},"end":{"line":154,"column":5}},"154":{"start":{"line":155,"column":0},"end":{"line":155,"column":0}},"155":{"start":{"line":156,"column":0},"end":{"line":156,"column":14}},"156":{"start":{"line":157,"column":0},"end":{"line":157,"column":32}},"157":{"start":{"line":158,"column":0},"end":{"line":158,"column":30}},"158":{"start":{"line":159,"column":0},"end":{"line":159,"column":44}},"159":{"start":{"line":160,"column":0},"end":{"line":160,"column":36}},"160":{"start":{"line":161,"column":0},"end":{"line":161,"column":19}},"161":{"start":{"line":162,"column":0},"end":{"line":162,"column":38}},"162":{"start":{"line":163,"column":0},"end":{"line":163,"column":28}},"163":{"start":{"line":164,"column":0},"end":{"line":164,"column":36}},"164":{"start":{"line":165,"column":0},"end":{"line":165,"column":8}},"165":{"start":{"line":166,"column":0},"end":{"line":166,"column":7}},"166":{"start":{"line":167,"column":0},"end":{"line":167,"column":22}},"167":{"start":{"line":168,"column":0},"end":{"line":168,"column":47}},"168":{"start":{"line":169,"column":0},"end":{"line":169,"column":51}},"169":{"start":{"line":170,"column":0},"end":{"line":170,"column":13}},"170":{"start":{"line":171,"column":0},"end":{"line":171,"column":5}},"171":{"start":{"line":172,"column":0},"end":{"line":172,"column":68}},"172":{"start":{"line":173,"column":0},"end":{"line":173,"column":53}},"173":{"start":{"line":174,"column":0},"end":{"line":174,"column":76}},"174":{"start":{"line":175,"column":0},"end":{"line":175,"column":3}},"175":{"start":{"line":176,"column":0},"end":{"line":176,"column":3}},"176":{"start":{"line":177,"column":0},"end":{"line":177,"column":0}},"177":{"start":{"line":178,"column":0},"end":{"line":178,"column":22}}},"s":{"0":1,"1":1,"2":1,"3":1,"4":1,"5":1,"6":1,"7":1,"8":1,"9":1,"10":1,"11":1,"12":1,"13":1,"14":1,"15":1,"16":1,"17":1,"18":1,"19":3,"20":3,"21":0,"22":0,"23":0,"24":3,"25":3,"26":3,"27":3,"28":3,"29":3,"30":3,"31":1,"32":1,"33":1,"34":2,"35":2,"36":2,"37":2,"38":2,"39":2,"40":3,"41":0,"42":0,"43":0,"44":1,"45":1,"46":1,"47":1,"48":1,"49":0,"50":0,"51":0,"52":1,"53":0,"54":0,"55":0,"56":1,"57":1,"58":1,"59":1,"60":1,"61":1,"62":1,"63":1,"64":1,"65":1,"66":0,"67":0,"68":0,"69":1,"70":1,"71":0,"72":0,"73":0,"74":1,"75":1,"76":1,"77":0,"78":0,"79":0,"80":1,"81":1,"82":0,"83":0,"84":0,"85":1,"86":1,"87":1,"88":1,"89":1,"90":0,"91":0,"92":0,"93":0,"94":0,"95":0,"96":0,"97":0,"98":0,"99":0,"100":0,"101":0,"102":0,"103":0,"104":0,"105":0,"106":0,"107":0,"108":1,"109":1,"110":1,"111":0,"112":0,"113":0,"114":1,"115":1,"116":1,"117":1,"118":1,"119":1,"120":1,"121":1,"122":1,"123":1,"124":1,"125":1,"126":1,"127":1,"128":1,"129":1,"130":0,"131":0,"132":1,"133":1,"134":1,"135":1,"136":1,"137":1,"138":1,"139":1,"140":1,"141":1,"142":1,"143":1,"144":1,"145":1,"146":1,"147":1,"148":1,"149":1,"150":1,"151":0,"152":0,"153":0,"154":1,"155":1,"156":1,"157":1,"158":1,"159":1,"160":1,"161":1,"162":1,"163":1,"164":1,"165":1,"166":1,"167":0,"168":0,"169":0,"170":0,"171":0,"172":0,"173":0,"174":0,"175":1,"176":1,"177":1},"branchMap":{"0":{"type":"branch","line":19,"loc":{"start":{"line":19,"column":22},"end":{"line":45,"column":2}},"locations":[{"start":{"line":19,"column":22},"end":{"line":45,"column":2}}]},"1":{"type":"branch","line":20,"loc":{"start":{"line":20,"column":44},"end":{"line":20,"column":50}},"locations":[{"start":{"line":20,"column":44},"end":{"line":20,"column":50}}]},"2":{"type":"branch","line":21,"loc":{"start":{"line":21,"column":17},"end":{"line":24,"column":3}},"locations":[{"start":{"line":21,"column":17},"end":{"line":24,"column":3}}]},"3":{"type":"branch","line":27,"loc":{"start":{"line":27,"column":38},"end":{"line":27,"column":72}},"locations":[{"start":{"line":27,"column":38},"end":{"line":27,"column":72}}]},"4":{"type":"branch","line":27,"loc":{"start":{"line":27,"column":73},"end":{"line":27,"column":84}},"locations":[{"start":{"line":27,"column":73},"end":{"line":27,"column":84}}]},"5":{"type":"branch","line":28,"loc":{"start":{"line":28,"column":30},"end":{"line":28,"column":60}},"locations":[{"start":{"line":28,"column":30},"end":{"line":28,"column":60}}]},"6":{"type":"branch","line":29,"loc":{"start":{"line":29,"column":42},"end":{"line":29,"column":76}},"locations":[{"start":{"line":29,"column":42},"end":{"line":29,"column":76}}]},"7":{"type":"branch","line":31,"loc":{"start":{"line":31,"column":21},"end":{"line":34,"column":5}},"locations":[{"start":{"line":31,"column":21},"end":{"line":34,"column":5}}]},"8":{"type":"branch","line":35,"loc":{"start":{"line":35,"column":-2},"end":{"line":41,"column":11}},"locations":[{"start":{"line":35,"column":-2},"end":{"line":41,"column":11}}]},"9":{"type":"branch","line":41,"loc":{"start":{"line":41,"column":4},"end":{"line":44,"column":3}},"locations":[{"start":{"line":41,"column":4},"end":{"line":44,"column":3}}]},"10":{"type":"branch","line":47,"loc":{"start":{"line":47,"column":17},"end":{"line":176,"column":2}},"locations":[{"start":{"line":47,"column":17},"end":{"line":176,"column":2}}]},"11":{"type":"branch","line":49,"loc":{"start":{"line":49,"column":15},"end":{"line":52,"column":3}},"locations":[{"start":{"line":49,"column":15},"end":{"line":52,"column":3}}]},"12":{"type":"branch","line":53,"loc":{"start":{"line":53,"column":31},"end":{"line":56,"column":3}},"locations":[{"start":{"line":53,"column":31},"end":{"line":56,"column":3}}]},"13":{"type":"branch","line":58,"loc":{"start":{"line":58,"column":114},"end":{"line":58,"column":120}},"locations":[{"start":{"line":58,"column":114},"end":{"line":58,"column":120}}]},"14":{"type":"branch","line":61,"loc":{"start":{"line":61,"column":4},"end":{"line":61,"column":74}},"locations":[{"start":{"line":61,"column":4},"end":{"line":61,"column":74}}]},"15":{"type":"branch","line":64,"loc":{"start":{"line":64,"column":4},"end":{"line":64,"column":34}},"locations":[{"start":{"line":64,"column":4},"end":{"line":64,"column":34}}]},"16":{"type":"branch","line":65,"loc":{"start":{"line":65,"column":20},"end":{"line":65,"column":26}},"locations":[{"start":{"line":65,"column":20},"end":{"line":65,"column":26}}]},"17":{"type":"branch","line":66,"loc":{"start":{"line":66,"column":27},"end":{"line":69,"column":3}},"locations":[{"start":{"line":66,"column":27},"end":{"line":69,"column":3}}]},"18":{"type":"branch","line":71,"loc":{"start":{"line":71,"column":49},"end":{"line":74,"column":3}},"locations":[{"start":{"line":71,"column":49},"end":{"line":74,"column":3}}]},"19":{"type":"branch","line":77,"loc":{"start":{"line":77,"column":78},"end":{"line":80,"column":3}},"locations":[{"start":{"line":77,"column":78},"end":{"line":80,"column":3}}]},"20":{"type":"branch","line":82,"loc":{"start":{"line":82,"column":45},"end":{"line":85,"column":3}},"locations":[{"start":{"line":82,"column":45},"end":{"line":85,"column":3}}]},"21":{"type":"branch","line":90,"loc":{"start":{"line":90,"column":4},"end":{"line":108,"column":3}},"locations":[{"start":{"line":90,"column":4},"end":{"line":108,"column":3}}]},"22":{"type":"branch","line":116,"loc":{"start":{"line":116,"column":4},"end":{"line":116,"column":8}},"locations":[{"start":{"line":116,"column":4},"end":{"line":116,"column":8}}]},"23":{"type":"branch","line":130,"loc":{"start":{"line":130,"column":4},"end":{"line":132,"column":3}},"locations":[{"start":{"line":130,"column":4},"end":{"line":132,"column":3}}]},"24":{"type":"branch","line":137,"loc":{"start":{"line":137,"column":45},"end":{"line":137,"column":64}},"locations":[{"start":{"line":137,"column":45},"end":{"line":137,"column":64}}]},"25":{"type":"branch","line":141,"loc":{"start":{"line":141,"column":75},"end":{"line":141,"column":86}},"locations":[{"start":{"line":141,"column":75},"end":{"line":141,"column":86}}]},"26":{"type":"branch","line":142,"loc":{"start":{"line":142,"column":54},"end":{"line":142,"column":65}},"locations":[{"start":{"line":142,"column":54},"end":{"line":142,"column":65}}]},"27":{"type":"branch","line":151,"loc":{"start":{"line":151,"column":30},"end":{"line":154,"column":5}},"locations":[{"start":{"line":151,"column":30},"end":{"line":154,"column":5}}]},"28":{"type":"branch","line":167,"loc":{"start":{"line":167,"column":4},"end":{"line":175,"column":3}},"locations":[{"start":{"line":167,"column":4},"end":{"line":175,"column":3}}]}},"b":{"0":[3],"1":[0],"2":[0],"3":[1],"4":[2],"5":[0],"6":[0],"7":[1],"8":[2],"9":[0],"10":[1],"11":[0],"12":[0],"13":[0],"14":[0],"15":[0],"16":[0],"17":[0],"18":[0],"19":[0],"20":[0],"21":[0],"22":[0],"23":[0],"24":[0],"25":[0],"26":[0],"27":[0],"28":[0]},"fnMap":{},"f":{}}
,"C:\\Git\\Tristan\\Travel-Itinerary-App\\server\\src\\services\\itineraryPromptPlanService.ts": {"path":"C:\\Git\\Tristan\\Travel-Itinerary-App\\server\\src\\services\\itineraryPromptPlanService.ts","all":false,"statementMap":{"0":{"start":{"line":1,"column":0},"end":{"line":1,"column":20}},"1":{"start":{"line":2,"column":0},"end":{"line":2,"column":24}},"2":{"start":{"line":3,"column":0},"end":{"line":3,"column":8}},"3":{"start":{"line":4,"column":0},"end":{"line":4,"column":39}},"4":{"start":{"line":5,"column":0},"end":{"line":5,"column":40}},"5":{"start":{"line":6,"column":0},"end":{"line":6,"column":39}},"6":{"start":{"line":7,"column":0},"end":{"line":7,"column":43}},"7":{"start":{"line":8,"column":0},"end":{"line":8,"column":41}},"8":{"start":{"line":9,"column":0},"end":{"line":9,"column":35}},"9":{"start":{"line":10,"column":0},"end":{"line":10,"column":31}},"10":{"start":{"line":11,"column":0},"end":{"line":11,"column":45}},"11":{"start":{"line":12,"column":0},"end":{"line":12,"column":0}},"12":{"start":{"line":13,"column":0},"end":{"line":13,"column":38}},"13":{"start":{"line":14,"column":0},"end":{"line":14,"column":41}},"14":{"start":{"line":15,"column":0},"end":{"line":15,"column":42}},"15":{"start":{"line":16,"column":0},"end":{"line":16,"column":37}},"16":{"start":{"line":17,"column":0},"end":{"line":17,"column":42}},"17":{"start":{"line":18,"column":0},"end":{"line":18,"column":41}},"18":{"start":{"line":19,"column":0},"end":{"line":19,"column":54}},"19":{"start":{"line":20,"column":0},"end":{"line":20,"column":85}},"20":{"start":{"line":21,"column":0},"end":{"line":21,"column":0}},"21":{"start":{"line":22,"column":0},"end":{"line":22,"column":79}},"22":{"start":{"line":23,"column":0},"end":{"line":23,"column":0}},"23":{"start":{"line":24,"column":0},"end":{"line":24,"column":18}},"24":{"start":{"line":25,"column":0},"end":{"line":25,"column":12}},"25":{"start":{"line":26,"column":0},"end":{"line":26,"column":14}},"26":{"start":{"line":27,"column":0},"end":{"line":27,"column":14}},"27":{"start":{"line":28,"column":0},"end":{"line":28,"column":14}},"28":{"start":{"line":29,"column":0},"end":{"line":29,"column":13}},"29":{"start":{"line":30,"column":0},"end":{"line":30,"column":15}},"30":{"start":{"line":31,"column":0},"end":{"line":31,"column":13}},"31":{"start":{"line":32,"column":0},"end":{"line":32,"column":13}},"32":{"start":{"line":33,"column":0},"end":{"line":33,"column":42}},"33":{"start":{"line":34,"column":0},"end":{"line":34,"column":8}},"34":{"start":{"line":35,"column":0},"end":{"line":35,"column":23}},"35":{"start":{"line":36,"column":0},"end":{"line":36,"column":26}},"36":{"start":{"line":37,"column":0},"end":{"line":37,"column":29}},"37":{"start":{"line":38,"column":0},"end":{"line":38,"column":24}},"38":{"start":{"line":39,"column":0},"end":{"line":39,"column":22}},"39":{"start":{"line":40,"column":0},"end":{"line":40,"column":28}},"40":{"start":{"line":41,"column":0},"end":{"line":41,"column":4}},"41":{"start":{"line":42,"column":0},"end":{"line":42,"column":8}},"42":{"start":{"line":43,"column":0},"end":{"line":43,"column":24}},"43":{"start":{"line":44,"column":0},"end":{"line":44,"column":29}},"44":{"start":{"line":45,"column":0},"end":{"line":45,"column":17}},"45":{"start":{"line":46,"column":0},"end":{"line":46,"column":17}},"46":{"start":{"line":47,"column":0},"end":{"line":47,"column":17}},"47":{"start":{"line":48,"column":0},"end":{"line":48,"column":4}},"48":{"start":{"line":49,"column":0},"end":{"line":49,"column":14}},"49":{"start":{"line":50,"column":0},"end":{"line":50,"column":21}},"50":{"start":{"line":51,"column":0},"end":{"line":51,"column":21}},"51":{"start":{"line":52,"column":0},"end":{"line":52,"column":21}},"52":{"start":{"line":53,"column":0},"end":{"line":53,"column":2}},"53":{"start":{"line":54,"column":0},"end":{"line":54,"column":0}},"54":{"start":{"line":55,"column":0},"end":{"line":55,"column":19}},"55":{"start":{"line":56,"column":0},"end":{"line":56,"column":13}},"56":{"start":{"line":57,"column":0},"end":{"line":57,"column":13}},"57":{"start":{"line":58,"column":0},"end":{"line":58,"column":13}},"58":{"start":{"line":59,"column":0},"end":{"line":59,"column":20}},"59":{"start":{"line":60,"column":0},"end":{"line":60,"column":23}},"60":{"start":{"line":61,"column":0},"end":{"line":61,"column":26}},"61":{"start":{"line":62,"column":0},"end":{"line":62,"column":21}},"62":{"start":{"line":63,"column":0},"end":{"line":63,"column":19}},"63":{"start":{"line":64,"column":0},"end":{"line":64,"column":14}},"64":{"start":{"line":65,"column":0},"end":{"line":65,"column":25}},"65":{"start":{"line":66,"column":0},"end":{"line":66,"column":2}},"66":{"start":{"line":67,"column":0},"end":{"line":67,"column":0}},"67":{"start":{"line":68,"column":0},"end":{"line":68,"column":19}},"68":{"start":{"line":69,"column":0},"end":{"line":69,"column":12}},"69":{"start":{"line":70,"column":0},"end":{"line":70,"column":13}},"70":{"start":{"line":71,"column":0},"end":{"line":71,"column":13}},"71":{"start":{"line":72,"column":0},"end":{"line":72,"column":15}},"72":{"start":{"line":73,"column":0},"end":{"line":73,"column":2}},"73":{"start":{"line":74,"column":0},"end":{"line":74,"column":0}},"74":{"start":{"line":75,"column":0},"end":{"line":75,"column":23}},"75":{"start":{"line":76,"column":0},"end":{"line":76,"column":13}},"76":{"start":{"line":77,"column":0},"end":{"line":77,"column":24}},"77":{"start":{"line":78,"column":0},"end":{"line":78,"column":13}},"78":{"start":{"line":79,"column":0},"end":{"line":79,"column":13}},"79":{"start":{"line":80,"column":0},"end":{"line":80,"column":14}},"80":{"start":{"line":81,"column":0},"end":{"line":81,"column":13}},"81":{"start":{"line":82,"column":0},"end":{"line":82,"column":2}},"82":{"start":{"line":83,"column":0},"end":{"line":83,"column":0}},"83":{"start":{"line":84,"column":0},"end":{"line":84,"column":20}},"84":{"start":{"line":85,"column":0},"end":{"line":85,"column":11}},"85":{"start":{"line":86,"column":0},"end":{"line":86,"column":13}},"86":{"start":{"line":87,"column":0},"end":{"line":87,"column":13}},"87":{"start":{"line":88,"column":0},"end":{"line":88,"column":18}},"88":{"start":{"line":89,"column":0},"end":{"line":89,"column":22}},"89":{"start":{"line":90,"column":0},"end":{"line":90,"column":51}},"90":{"start":{"line":91,"column":0},"end":{"line":91,"column":19}},"91":{"start":{"line":92,"column":0},"end":{"line":92,"column":14}},"92":{"start":{"line":93,"column":0},"end":{"line":93,"column":2}},"93":{"start":{"line":94,"column":0},"end":{"line":94,"column":0}},"94":{"start":{"line":95,"column":0},"end":{"line":95,"column":18}},"95":{"start":{"line":96,"column":0},"end":{"line":96,"column":12}},"96":{"start":{"line":97,"column":0},"end":{"line":97,"column":13}},"97":{"start":{"line":98,"column":0},"end":{"line":98,"column":12}},"98":{"start":{"line":99,"column":0},"end":{"line":99,"column":61}},"99":{"start":{"line":100,"column":0},"end":{"line":100,"column":25}},"100":{"start":{"line":101,"column":0},"end":{"line":101,"column":13}},"101":{"start":{"line":102,"column":0},"end":{"line":102,"column":15}},"102":{"start":{"line":103,"column":0},"end":{"line":103,"column":23}},"103":{"start":{"line":104,"column":0},"end":{"line":104,"column":2}},"104":{"start":{"line":105,"column":0},"end":{"line":105,"column":0}},"105":{"start":{"line":106,"column":0},"end":{"line":106,"column":24}},"106":{"start":{"line":107,"column":0},"end":{"line":107,"column":12}},"107":{"start":{"line":108,"column":0},"end":{"line":108,"column":13}},"108":{"start":{"line":109,"column":0},"end":{"line":109,"column":13}},"109":{"start":{"line":110,"column":0},"end":{"line":110,"column":18}},"110":{"start":{"line":111,"column":0},"end":{"line":111,"column":22}},"111":{"start":{"line":112,"column":0},"end":{"line":112,"column":51}},"112":{"start":{"line":113,"column":0},"end":{"line":113,"column":18}},"113":{"start":{"line":114,"column":0},"end":{"line":114,"column":14}},"114":{"start":{"line":115,"column":0},"end":{"line":115,"column":22}},"115":{"start":{"line":116,"column":0},"end":{"line":116,"column":2}},"116":{"start":{"line":117,"column":0},"end":{"line":117,"column":0}},"117":{"start":{"line":118,"column":0},"end":{"line":118,"column":42}},"118":{"start":{"line":119,"column":0},"end":{"line":119,"column":19}},"119":{"start":{"line":120,"column":0},"end":{"line":120,"column":35}},"120":{"start":{"line":121,"column":0},"end":{"line":121,"column":24}},"121":{"start":{"line":122,"column":0},"end":{"line":122,"column":22}},"122":{"start":{"line":123,"column":0},"end":{"line":123,"column":28}},"123":{"start":{"line":124,"column":0},"end":{"line":124,"column":26}},"124":{"start":{"line":125,"column":0},"end":{"line":125,"column":24}},"125":{"start":{"line":126,"column":0},"end":{"line":126,"column":22}},"126":{"start":{"line":127,"column":0},"end":{"line":127,"column":18}},"127":{"start":{"line":128,"column":0},"end":{"line":128,"column":23}},"128":{"start":{"line":129,"column":0},"end":{"line":129,"column":27}},"129":{"start":{"line":130,"column":0},"end":{"line":130,"column":16}},"130":{"start":{"line":131,"column":0},"end":{"line":131,"column":2}},"131":{"start":{"line":132,"column":0},"end":{"line":132,"column":0}},"132":{"start":{"line":133,"column":0},"end":{"line":133,"column":41}},"133":{"start":{"line":134,"column":0},"end":{"line":134,"column":19}},"134":{"start":{"line":135,"column":0},"end":{"line":135,"column":15}},"135":{"start":{"line":136,"column":0},"end":{"line":136,"column":22}},"136":{"start":{"line":137,"column":0},"end":{"line":137,"column":23}},"137":{"start":{"line":138,"column":0},"end":{"line":138,"column":16}},"138":{"start":{"line":139,"column":0},"end":{"line":139,"column":20}},"139":{"start":{"line":140,"column":0},"end":{"line":140,"column":23}},"140":{"start":{"line":141,"column":0},"end":{"line":141,"column":18}},"141":{"start":{"line":142,"column":0},"end":{"line":142,"column":2}},"142":{"start":{"line":143,"column":0},"end":{"line":143,"column":0}},"143":{"start":{"line":144,"column":0},"end":{"line":144,"column":42}},"144":{"start":{"line":145,"column":0},"end":{"line":145,"column":19}},"145":{"start":{"line":146,"column":0},"end":{"line":146,"column":29}},"146":{"start":{"line":147,"column":0},"end":{"line":147,"column":15}},"147":{"start":{"line":148,"column":0},"end":{"line":148,"column":15}},"148":{"start":{"line":149,"column":0},"end":{"line":149,"column":24}},"149":{"start":{"line":150,"column":0},"end":{"line":150,"column":20}},"150":{"start":{"line":151,"column":0},"end":{"line":151,"column":19}},"151":{"start":{"line":152,"column":0},"end":{"line":152,"column":15}},"152":{"start":{"line":153,"column":0},"end":{"line":153,"column":23}},"153":{"start":{"line":154,"column":0},"end":{"line":154,"column":19}},"154":{"start":{"line":155,"column":0},"end":{"line":155,"column":20}},"155":{"start":{"line":156,"column":0},"end":{"line":156,"column":2}},"156":{"start":{"line":157,"column":0},"end":{"line":157,"column":0}},"157":{"start":{"line":158,"column":0},"end":{"line":158,"column":43}},"158":{"start":{"line":159,"column":0},"end":{"line":159,"column":19}},"159":{"start":{"line":160,"column":0},"end":{"line":160,"column":25}},"160":{"start":{"line":161,"column":0},"end":{"line":161,"column":21}},"161":{"start":{"line":162,"column":0},"end":{"line":162,"column":26}},"162":{"start":{"line":163,"column":0},"end":{"line":163,"column":22}},"163":{"start":{"line":164,"column":0},"end":{"line":164,"column":20}},"164":{"start":{"line":165,"column":0},"end":{"line":165,"column":17}},"165":{"start":{"line":166,"column":0},"end":{"line":166,"column":18}},"166":{"start":{"line":167,"column":0},"end":{"line":167,"column":15}},"167":{"start":{"line":168,"column":0},"end":{"line":168,"column":16}},"168":{"start":{"line":169,"column":0},"end":{"line":169,"column":16}},"169":{"start":{"line":170,"column":0},"end":{"line":170,"column":2}},"170":{"start":{"line":171,"column":0},"end":{"line":171,"column":0}},"171":{"start":{"line":172,"column":0},"end":{"line":172,"column":39}},"172":{"start":{"line":173,"column":0},"end":{"line":173,"column":42}},"173":{"start":{"line":174,"column":0},"end":{"line":174,"column":40}},"174":{"start":{"line":175,"column":0},"end":{"line":175,"column":43}},"175":{"start":{"line":176,"column":0},"end":{"line":176,"column":44}},"176":{"start":{"line":177,"column":0},"end":{"line":177,"column":2}},"177":{"start":{"line":178,"column":0},"end":{"line":178,"column":0}},"178":{"start":{"line":179,"column":0},"end":{"line":179,"column":40}},"179":{"start":{"line":180,"column":0},"end":{"line":180,"column":14}},"180":{"start":{"line":181,"column":0},"end":{"line":181,"column":22}},"181":{"start":{"line":182,"column":0},"end":{"line":182,"column":19}},"182":{"start":{"line":183,"column":0},"end":{"line":183,"column":22}},"183":{"start":{"line":184,"column":0},"end":{"line":184,"column":2}},"184":{"start":{"line":185,"column":0},"end":{"line":185,"column":0}},"185":{"start":{"line":186,"column":0},"end":{"line":186,"column":38}},"186":{"start":{"line":187,"column":0},"end":{"line":187,"column":40}},"187":{"start":{"line":188,"column":0},"end":{"line":188,"column":44}},"188":{"start":{"line":189,"column":0},"end":{"line":189,"column":38}},"189":{"start":{"line":190,"column":0},"end":{"line":190,"column":73}},"190":{"start":{"line":191,"column":0},"end":{"line":191,"column":45}},"191":{"start":{"line":192,"column":0},"end":{"line":192,"column":25}},"192":{"start":{"line":193,"column":0},"end":{"line":193,"column":2}},"193":{"start":{"line":194,"column":0},"end":{"line":194,"column":0}},"194":{"start":{"line":195,"column":0},"end":{"line":195,"column":41}},"195":{"start":{"line":196,"column":0},"end":{"line":196,"column":27}},"196":{"start":{"line":197,"column":0},"end":{"line":197,"column":25}},"197":{"start":{"line":198,"column":0},"end":{"line":198,"column":21}},"198":{"start":{"line":199,"column":0},"end":{"line":199,"column":29}},"199":{"start":{"line":200,"column":0},"end":{"line":200,"column":23}},"200":{"start":{"line":201,"column":0},"end":{"line":201,"column":38}},"201":{"start":{"line":202,"column":0},"end":{"line":202,"column":42}},"202":{"start":{"line":203,"column":0},"end":{"line":203,"column":34}},"203":{"start":{"line":204,"column":0},"end":{"line":204,"column":2}},"204":{"start":{"line":205,"column":0},"end":{"line":205,"column":0}},"205":{"start":{"line":206,"column":0},"end":{"line":206,"column":21}},"206":{"start":{"line":207,"column":0},"end":{"line":207,"column":17}},"207":{"start":{"line":208,"column":0},"end":{"line":208,"column":25}},"208":{"start":{"line":209,"column":0},"end":{"line":209,"column":15}},"209":{"start":{"line":210,"column":0},"end":{"line":210,"column":20}},"210":{"start":{"line":211,"column":0},"end":{"line":211,"column":20}},"211":{"start":{"line":212,"column":0},"end":{"line":212,"column":28}},"212":{"start":{"line":213,"column":0},"end":{"line":213,"column":21}},"213":{"start":{"line":214,"column":0},"end":{"line":214,"column":73}},"214":{"start":{"line":215,"column":0},"end":{"line":215,"column":73}},"215":{"start":{"line":216,"column":0},"end":{"line":216,"column":32}},"216":{"start":{"line":217,"column":0},"end":{"line":217,"column":30}},"217":{"start":{"line":218,"column":0},"end":{"line":218,"column":33}},"218":{"start":{"line":219,"column":0},"end":{"line":219,"column":32}},"219":{"start":{"line":220,"column":0},"end":{"line":220,"column":22}},"220":{"start":{"line":221,"column":0},"end":{"line":221,"column":2}},"221":{"start":{"line":222,"column":0},"end":{"line":222,"column":0}},"222":{"start":{"line":223,"column":0},"end":{"line":223,"column":23}},"223":{"start":{"line":224,"column":0},"end":{"line":224,"column":13}},"224":{"start":{"line":225,"column":0},"end":{"line":225,"column":14}},"225":{"start":{"line":226,"column":0},"end":{"line":226,"column":14}},"226":{"start":{"line":227,"column":0},"end":{"line":227,"column":2}},"227":{"start":{"line":228,"column":0},"end":{"line":228,"column":0}},"228":{"start":{"line":229,"column":0},"end":{"line":229,"column":21}},"229":{"start":{"line":230,"column":0},"end":{"line":230,"column":21}},"230":{"start":{"line":231,"column":0},"end":{"line":231,"column":21}},"231":{"start":{"line":232,"column":0},"end":{"line":232,"column":21}},"232":{"start":{"line":233,"column":0},"end":{"line":233,"column":21}},"233":{"start":{"line":234,"column":0},"end":{"line":234,"column":21}},"234":{"start":{"line":235,"column":0},"end":{"line":235,"column":21}},"235":{"start":{"line":236,"column":0},"end":{"line":236,"column":22}},"236":{"start":{"line":237,"column":0},"end":{"line":237,"column":22}},"237":{"start":{"line":238,"column":0},"end":{"line":238,"column":2}},"238":{"start":{"line":239,"column":0},"end":{"line":239,"column":0}},"239":{"start":{"line":240,"column":0},"end":{"line":240,"column":73}},"240":{"start":{"line":241,"column":0},"end":{"line":241,"column":27}},"241":{"start":{"line":242,"column":0},"end":{"line":242,"column":19}},"242":{"start":{"line":243,"column":0},"end":{"line":243,"column":12}},"243":{"start":{"line":244,"column":0},"end":{"line":244,"column":19}},"244":{"start":{"line":245,"column":0},"end":{"line":245,"column":13}},"245":{"start":{"line":246,"column":0},"end":{"line":246,"column":2}},"246":{"start":{"line":247,"column":0},"end":{"line":247,"column":0}},"247":{"start":{"line":248,"column":0},"end":{"line":248,"column":77}},"248":{"start":{"line":249,"column":0},"end":{"line":249,"column":0}},"249":{"start":{"line":250,"column":0},"end":{"line":250,"column":62}},"250":{"start":{"line":251,"column":0},"end":{"line":251,"column":45}},"251":{"start":{"line":252,"column":0},"end":{"line":252,"column":0}},"252":{"start":{"line":253,"column":0},"end":{"line":253,"column":52}},"253":{"start":{"line":254,"column":0},"end":{"line":254,"column":57}},"254":{"start":{"line":255,"column":0},"end":{"line":255,"column":43}},"255":{"start":{"line":256,"column":0},"end":{"line":256,"column":2}},"256":{"start":{"line":257,"column":0},"end":{"line":257,"column":0}},"257":{"start":{"line":258,"column":0},"end":{"line":258,"column":70}},"258":{"start":{"line":259,"column":0},"end":{"line":259,"column":37}},"259":{"start":{"line":260,"column":0},"end":{"line":260,"column":43}},"260":{"start":{"line":261,"column":0},"end":{"line":261,"column":2}},"261":{"start":{"line":262,"column":0},"end":{"line":262,"column":0}},"262":{"start":{"line":263,"column":0},"end":{"line":263,"column":45}},"263":{"start":{"line":264,"column":0},"end":{"line":264,"column":40}},"264":{"start":{"line":265,"column":0},"end":{"line":265,"column":18}},"265":{"start":{"line":266,"column":0},"end":{"line":266,"column":65}},"266":{"start":{"line":267,"column":0},"end":{"line":267,"column":66}},"267":{"start":{"line":268,"column":0},"end":{"line":268,"column":65}},"268":{"start":{"line":269,"column":0},"end":{"line":269,"column":69}},"269":{"start":{"line":270,"column":0},"end":{"line":270,"column":70}},"270":{"start":{"line":271,"column":0},"end":{"line":271,"column":71}},"271":{"start":{"line":272,"column":0},"end":{"line":272,"column":73}},"272":{"start":{"line":273,"column":0},"end":{"line":273,"column":73}},"273":{"start":{"line":274,"column":0},"end":{"line":274,"column":4}},"274":{"start":{"line":275,"column":0},"end":{"line":275,"column":22}},"275":{"start":{"line":276,"column":0},"end":{"line":276,"column":2}},"276":{"start":{"line":277,"column":0},"end":{"line":277,"column":0}},"277":{"start":{"line":278,"column":0},"end":{"line":278,"column":76}},"278":{"start":{"line":279,"column":0},"end":{"line":279,"column":10}},"279":{"start":{"line":280,"column":0},"end":{"line":280,"column":58}},"280":{"start":{"line":281,"column":0},"end":{"line":281,"column":53}},"281":{"start":{"line":282,"column":0},"end":{"line":282,"column":0}},"282":{"start":{"line":283,"column":0},"end":{"line":283,"column":91}},"283":{"start":{"line":284,"column":0},"end":{"line":284,"column":24}},"284":{"start":{"line":285,"column":0},"end":{"line":285,"column":60}},"285":{"start":{"line":286,"column":0},"end":{"line":286,"column":44}},"286":{"start":{"line":287,"column":0},"end":{"line":287,"column":3}},"287":{"start":{"line":288,"column":0},"end":{"line":288,"column":16}},"288":{"start":{"line":289,"column":0},"end":{"line":289,"column":2}},"289":{"start":{"line":290,"column":0},"end":{"line":290,"column":0}},"290":{"start":{"line":291,"column":0},"end":{"line":291,"column":47}},"291":{"start":{"line":292,"column":0},"end":{"line":292,"column":43}},"292":{"start":{"line":293,"column":0},"end":{"line":293,"column":56}},"293":{"start":{"line":294,"column":0},"end":{"line":294,"column":0}},"294":{"start":{"line":295,"column":0},"end":{"line":295,"column":64}},"295":{"start":{"line":296,"column":0},"end":{"line":296,"column":50}},"296":{"start":{"line":297,"column":0},"end":{"line":297,"column":42}},"297":{"start":{"line":298,"column":0},"end":{"line":298,"column":45}},"298":{"start":{"line":299,"column":0},"end":{"line":299,"column":50}},"299":{"start":{"line":300,"column":0},"end":{"line":300,"column":62}},"300":{"start":{"line":301,"column":0},"end":{"line":301,"column":3}},"301":{"start":{"line":302,"column":0},"end":{"line":302,"column":0}},"302":{"start":{"line":303,"column":0},"end":{"line":303,"column":39}},"303":{"start":{"line":304,"column":0},"end":{"line":304,"column":34}},"304":{"start":{"line":305,"column":0},"end":{"line":305,"column":24}},"305":{"start":{"line":306,"column":0},"end":{"line":306,"column":9}},"306":{"start":{"line":307,"column":0},"end":{"line":307,"column":35}},"307":{"start":{"line":308,"column":0},"end":{"line":308,"column":13}},"308":{"start":{"line":309,"column":0},"end":{"line":309,"column":33}},"309":{"start":{"line":310,"column":0},"end":{"line":310,"column":5}},"310":{"start":{"line":311,"column":0},"end":{"line":311,"column":3}},"311":{"start":{"line":312,"column":0},"end":{"line":312,"column":0}},"312":{"start":{"line":313,"column":0},"end":{"line":313,"column":55}},"313":{"start":{"line":314,"column":0},"end":{"line":314,"column":2}},"314":{"start":{"line":315,"column":0},"end":{"line":315,"column":0}},"315":{"start":{"line":316,"column":0},"end":{"line":316,"column":72}},"316":{"start":{"line":317,"column":0},"end":{"line":317,"column":0}},"317":{"start":{"line":318,"column":0},"end":{"line":318,"column":54}},"318":{"start":{"line":319,"column":0},"end":{"line":319,"column":65}},"319":{"start":{"line":320,"column":0},"end":{"line":320,"column":0}},"320":{"start":{"line":321,"column":0},"end":{"line":321,"column":60}},"321":{"start":{"line":322,"column":0},"end":{"line":322,"column":33}},"322":{"start":{"line":323,"column":0},"end":{"line":323,"column":51}},"323":{"start":{"line":324,"column":0},"end":{"line":324,"column":44}},"324":{"start":{"line":325,"column":0},"end":{"line":325,"column":21}},"325":{"start":{"line":326,"column":0},"end":{"line":326,"column":2}},"326":{"start":{"line":327,"column":0},"end":{"line":327,"column":0}},"327":{"start":{"line":328,"column":0},"end":{"line":328,"column":73}},"328":{"start":{"line":329,"column":0},"end":{"line":329,"column":35}},"329":{"start":{"line":330,"column":0},"end":{"line":330,"column":31}},"330":{"start":{"line":331,"column":0},"end":{"line":331,"column":77}},"331":{"start":{"line":332,"column":0},"end":{"line":332,"column":96}},"332":{"start":{"line":333,"column":0},"end":{"line":333,"column":2}},"333":{"start":{"line":334,"column":0},"end":{"line":334,"column":0}},"334":{"start":{"line":335,"column":0},"end":{"line":335,"column":69}},"335":{"start":{"line":336,"column":0},"end":{"line":336,"column":31}},"336":{"start":{"line":337,"column":0},"end":{"line":337,"column":55}},"337":{"start":{"line":338,"column":0},"end":{"line":338,"column":55}},"338":{"start":{"line":339,"column":0},"end":{"line":339,"column":55}},"339":{"start":{"line":340,"column":0},"end":{"line":340,"column":55}},"340":{"start":{"line":341,"column":0},"end":{"line":341,"column":55}},"341":{"start":{"line":342,"column":0},"end":{"line":342,"column":4}},"342":{"start":{"line":343,"column":0},"end":{"line":343,"column":57}},"343":{"start":{"line":344,"column":0},"end":{"line":344,"column":31}},"344":{"start":{"line":345,"column":0},"end":{"line":345,"column":46}},"345":{"start":{"line":346,"column":0},"end":{"line":346,"column":33}},"346":{"start":{"line":347,"column":0},"end":{"line":347,"column":40}},"347":{"start":{"line":348,"column":0},"end":{"line":348,"column":40}},"348":{"start":{"line":349,"column":0},"end":{"line":349,"column":40}},"349":{"start":{"line":350,"column":0},"end":{"line":350,"column":40}},"350":{"start":{"line":351,"column":0},"end":{"line":351,"column":40}},"351":{"start":{"line":352,"column":0},"end":{"line":352,"column":4}},"352":{"start":{"line":353,"column":0},"end":{"line":353,"column":69}},"353":{"start":{"line":354,"column":0},"end":{"line":354,"column":35}},"354":{"start":{"line":355,"column":0},"end":{"line":355,"column":70}},"355":{"start":{"line":356,"column":0},"end":{"line":356,"column":65}},"356":{"start":{"line":357,"column":0},"end":{"line":357,"column":33}},"357":{"start":{"line":358,"column":0},"end":{"line":358,"column":16}},"358":{"start":{"line":359,"column":0},"end":{"line":359,"column":2}},"359":{"start":{"line":360,"column":0},"end":{"line":360,"column":0}},"360":{"start":{"line":361,"column":0},"end":{"line":361,"column":118}},"361":{"start":{"line":362,"column":0},"end":{"line":362,"column":56}},"362":{"start":{"line":363,"column":0},"end":{"line":363,"column":16}},"363":{"start":{"line":364,"column":0},"end":{"line":364,"column":42}},"364":{"start":{"line":365,"column":0},"end":{"line":365,"column":112}},"365":{"start":{"line":366,"column":0},"end":{"line":366,"column":14}},"366":{"start":{"line":367,"column":0},"end":{"line":367,"column":69}},"367":{"start":{"line":368,"column":0},"end":{"line":368,"column":57}},"368":{"start":{"line":369,"column":0},"end":{"line":369,"column":4}},"369":{"start":{"line":370,"column":0},"end":{"line":370,"column":0}},"370":{"start":{"line":371,"column":0},"end":{"line":371,"column":94}},"371":{"start":{"line":372,"column":0},"end":{"line":372,"column":83}},"372":{"start":{"line":373,"column":0},"end":{"line":373,"column":78}},"373":{"start":{"line":374,"column":0},"end":{"line":374,"column":75}},"374":{"start":{"line":375,"column":0},"end":{"line":375,"column":73}},"375":{"start":{"line":376,"column":0},"end":{"line":376,"column":0}},"376":{"start":{"line":377,"column":0},"end":{"line":377,"column":35}},"377":{"start":{"line":378,"column":0},"end":{"line":378,"column":2}},"378":{"start":{"line":379,"column":0},"end":{"line":379,"column":0}},"379":{"start":{"line":380,"column":0},"end":{"line":380,"column":70}},"380":{"start":{"line":381,"column":0},"end":{"line":381,"column":54}},"381":{"start":{"line":382,"column":0},"end":{"line":382,"column":65}},"382":{"start":{"line":383,"column":0},"end":{"line":383,"column":59}},"383":{"start":{"line":384,"column":0},"end":{"line":384,"column":13}},"384":{"start":{"line":385,"column":0},"end":{"line":385,"column":2}},"385":{"start":{"line":386,"column":0},"end":{"line":386,"column":0}},"386":{"start":{"line":387,"column":0},"end":{"line":387,"column":124}},"387":{"start":{"line":388,"column":0},"end":{"line":388,"column":16}},"388":{"start":{"line":389,"column":0},"end":{"line":389,"column":42}},"389":{"start":{"line":390,"column":0},"end":{"line":390,"column":112}},"390":{"start":{"line":391,"column":0},"end":{"line":391,"column":14}},"391":{"start":{"line":392,"column":0},"end":{"line":392,"column":86}},"392":{"start":{"line":393,"column":0},"end":{"line":393,"column":76}},"393":{"start":{"line":394,"column":0},"end":{"line":394,"column":13}},"394":{"start":{"line":395,"column":0},"end":{"line":395,"column":2}},"395":{"start":{"line":396,"column":0},"end":{"line":396,"column":0}},"396":{"start":{"line":397,"column":0},"end":{"line":397,"column":124}},"397":{"start":{"line":398,"column":0},"end":{"line":398,"column":16}},"398":{"start":{"line":399,"column":0},"end":{"line":399,"column":42}},"399":{"start":{"line":400,"column":0},"end":{"line":400,"column":112}},"400":{"start":{"line":401,"column":0},"end":{"line":401,"column":14}},"401":{"start":{"line":402,"column":0},"end":{"line":402,"column":73}},"402":{"start":{"line":403,"column":0},"end":{"line":403,"column":85}},"403":{"start":{"line":404,"column":0},"end":{"line":404,"column":86}},"404":{"start":{"line":405,"column":0},"end":{"line":405,"column":13}},"405":{"start":{"line":406,"column":0},"end":{"line":406,"column":2}},"406":{"start":{"line":407,"column":0},"end":{"line":407,"column":0}},"407":{"start":{"line":408,"column":0},"end":{"line":408,"column":78}},"408":{"start":{"line":409,"column":0},"end":{"line":409,"column":54}},"409":{"start":{"line":410,"column":0},"end":{"line":410,"column":70}},"410":{"start":{"line":411,"column":0},"end":{"line":411,"column":58}},"411":{"start":{"line":412,"column":0},"end":{"line":412,"column":13}},"412":{"start":{"line":413,"column":0},"end":{"line":413,"column":2}},"413":{"start":{"line":414,"column":0},"end":{"line":414,"column":0}},"414":{"start":{"line":415,"column":0},"end":{"line":415,"column":74}},"415":{"start":{"line":416,"column":0},"end":{"line":416,"column":36}},"416":{"start":{"line":417,"column":0},"end":{"line":417,"column":36}},"417":{"start":{"line":418,"column":0},"end":{"line":418,"column":13}},"418":{"start":{"line":419,"column":0},"end":{"line":419,"column":2}},"419":{"start":{"line":420,"column":0},"end":{"line":420,"column":0}},"420":{"start":{"line":421,"column":0},"end":{"line":421,"column":69}},"421":{"start":{"line":422,"column":0},"end":{"line":422,"column":82}},"422":{"start":{"line":423,"column":0},"end":{"line":423,"column":73}},"423":{"start":{"line":424,"column":0},"end":{"line":424,"column":2}},"424":{"start":{"line":425,"column":0},"end":{"line":425,"column":0}},"425":{"start":{"line":426,"column":0},"end":{"line":426,"column":64}},"426":{"start":{"line":427,"column":0},"end":{"line":427,"column":65}},"427":{"start":{"line":428,"column":0},"end":{"line":428,"column":66}},"428":{"start":{"line":429,"column":0},"end":{"line":429,"column":80}},"429":{"start":{"line":430,"column":0},"end":{"line":430,"column":69}},"430":{"start":{"line":431,"column":0},"end":{"line":431,"column":42}},"431":{"start":{"line":432,"column":0},"end":{"line":432,"column":58}},"432":{"start":{"line":433,"column":0},"end":{"line":433,"column":71}},"433":{"start":{"line":434,"column":0},"end":{"line":434,"column":71}},"434":{"start":{"line":435,"column":0},"end":{"line":435,"column":44}},"435":{"start":{"line":436,"column":0},"end":{"line":436,"column":26}},"436":{"start":{"line":437,"column":0},"end":{"line":437,"column":14}},"437":{"start":{"line":438,"column":0},"end":{"line":438,"column":20}},"438":{"start":{"line":439,"column":0},"end":{"line":439,"column":45}},"439":{"start":{"line":440,"column":0},"end":{"line":440,"column":74}},"440":{"start":{"line":441,"column":0},"end":{"line":441,"column":43}},"441":{"start":{"line":442,"column":0},"end":{"line":442,"column":97}},"442":{"start":{"line":443,"column":0},"end":{"line":443,"column":8}},"443":{"start":{"line":444,"column":0},"end":{"line":444,"column":9}},"444":{"start":{"line":445,"column":0},"end":{"line":445,"column":14}},"445":{"start":{"line":446,"column":0},"end":{"line":446,"column":17}},"446":{"start":{"line":447,"column":0},"end":{"line":447,"column":20}},"447":{"start":{"line":448,"column":0},"end":{"line":448,"column":10}},"448":{"start":{"line":449,"column":0},"end":{"line":449,"column":17}},"449":{"start":{"line":450,"column":0},"end":{"line":450,"column":9}},"450":{"start":{"line":451,"column":0},"end":{"line":451,"column":6}},"451":{"start":{"line":452,"column":0},"end":{"line":452,"column":9}},"452":{"start":{"line":453,"column":0},"end":{"line":453,"column":15}},"453":{"start":{"line":454,"column":0},"end":{"line":454,"column":20}},"454":{"start":{"line":455,"column":0},"end":{"line":455,"column":85}},"455":{"start":{"line":456,"column":0},"end":{"line":456,"column":6}},"456":{"start":{"line":457,"column":0},"end":{"line":457,"column":16}},"457":{"start":{"line":458,"column":0},"end":{"line":458,"column":56}},"458":{"start":{"line":459,"column":0},"end":{"line":459,"column":82}},"459":{"start":{"line":460,"column":0},"end":{"line":460,"column":65}},"460":{"start":{"line":461,"column":0},"end":{"line":461,"column":4}},"461":{"start":{"line":462,"column":0},"end":{"line":462,"column":0}},"462":{"start":{"line":463,"column":0},"end":{"line":463,"column":71}},"463":{"start":{"line":464,"column":0},"end":{"line":464,"column":33}},"464":{"start":{"line":465,"column":0},"end":{"line":465,"column":31}},"465":{"start":{"line":466,"column":0},"end":{"line":466,"column":109}},"466":{"start":{"line":467,"column":0},"end":{"line":467,"column":72}},"467":{"start":{"line":468,"column":0},"end":{"line":468,"column":54}},"468":{"start":{"line":469,"column":0},"end":{"line":469,"column":3}},"469":{"start":{"line":470,"column":0},"end":{"line":470,"column":0}},"470":{"start":{"line":471,"column":0},"end":{"line":471,"column":13}},"471":{"start":{"line":472,"column":0},"end":{"line":472,"column":2}},"472":{"start":{"line":473,"column":0},"end":{"line":473,"column":0}},"473":{"start":{"line":474,"column":0},"end":{"line":474,"column":68}},"474":{"start":{"line":475,"column":0},"end":{"line":475,"column":43}},"475":{"start":{"line":476,"column":0},"end":{"line":476,"column":29}},"476":{"start":{"line":477,"column":0},"end":{"line":477,"column":23}},"477":{"start":{"line":478,"column":0},"end":{"line":478,"column":14}},"478":{"start":{"line":479,"column":0},"end":{"line":479,"column":26}},"479":{"start":{"line":480,"column":0},"end":{"line":480,"column":60}},"480":{"start":{"line":481,"column":0},"end":{"line":481,"column":41}},"481":{"start":{"line":482,"column":0},"end":{"line":482,"column":29}},"482":{"start":{"line":483,"column":0},"end":{"line":483,"column":23}},"483":{"start":{"line":484,"column":0},"end":{"line":484,"column":14}},"484":{"start":{"line":485,"column":0},"end":{"line":485,"column":32}},"485":{"start":{"line":486,"column":0},"end":{"line":486,"column":0}},"486":{"start":{"line":487,"column":0},"end":{"line":487,"column":104}},"487":{"start":{"line":488,"column":0},"end":{"line":488,"column":107}},"488":{"start":{"line":489,"column":0},"end":{"line":489,"column":114}},"489":{"start":{"line":490,"column":0},"end":{"line":490,"column":109}},"490":{"start":{"line":491,"column":0},"end":{"line":491,"column":105}},"491":{"start":{"line":492,"column":0},"end":{"line":492,"column":69}},"492":{"start":{"line":493,"column":0},"end":{"line":493,"column":36}},"493":{"start":{"line":494,"column":0},"end":{"line":494,"column":50}},"494":{"start":{"line":495,"column":0},"end":{"line":495,"column":50}},"495":{"start":{"line":496,"column":0},"end":{"line":496,"column":50}},"496":{"start":{"line":497,"column":0},"end":{"line":497,"column":50}},"497":{"start":{"line":498,"column":0},"end":{"line":498,"column":50}},"498":{"start":{"line":499,"column":0},"end":{"line":499,"column":5}},"499":{"start":{"line":500,"column":0},"end":{"line":500,"column":52}},"500":{"start":{"line":501,"column":0},"end":{"line":501,"column":69}},"501":{"start":{"line":502,"column":0},"end":{"line":502,"column":9}},"502":{"start":{"line":503,"column":0},"end":{"line":503,"column":0}},"503":{"start":{"line":504,"column":0},"end":{"line":504,"column":10}},"504":{"start":{"line":505,"column":0},"end":{"line":505,"column":15}},"505":{"start":{"line":506,"column":0},"end":{"line":506,"column":14}},"506":{"start":{"line":507,"column":0},"end":{"line":507,"column":12}},"507":{"start":{"line":508,"column":0},"end":{"line":508,"column":12}},"508":{"start":{"line":509,"column":0},"end":{"line":509,"column":15}},"509":{"start":{"line":510,"column":0},"end":{"line":510,"column":18}},"510":{"start":{"line":511,"column":0},"end":{"line":511,"column":8}},"511":{"start":{"line":512,"column":0},"end":{"line":512,"column":15}},"512":{"start":{"line":513,"column":0},"end":{"line":513,"column":19}},"513":{"start":{"line":514,"column":0},"end":{"line":514,"column":7}},"514":{"start":{"line":515,"column":0},"end":{"line":515,"column":4}},"515":{"start":{"line":516,"column":0},"end":{"line":516,"column":2}},"516":{"start":{"line":517,"column":0},"end":{"line":517,"column":0}},"517":{"start":{"line":518,"column":0},"end":{"line":518,"column":88}},"518":{"start":{"line":519,"column":0},"end":{"line":519,"column":24}},"519":{"start":{"line":520,"column":0},"end":{"line":520,"column":22}},"520":{"start":{"line":521,"column":0},"end":{"line":521,"column":35}},"521":{"start":{"line":522,"column":0},"end":{"line":522,"column":26}},"522":{"start":{"line":523,"column":0},"end":{"line":523,"column":14}},"523":{"start":{"line":524,"column":0},"end":{"line":524,"column":24}},"524":{"start":{"line":525,"column":0},"end":{"line":525,"column":23}},"525":{"start":{"line":526,"column":0},"end":{"line":526,"column":4}},"526":{"start":{"line":527,"column":0},"end":{"line":527,"column":83}},"527":{"start":{"line":528,"column":0},"end":{"line":528,"column":38}},"528":{"start":{"line":529,"column":0},"end":{"line":529,"column":26}},"529":{"start":{"line":530,"column":0},"end":{"line":530,"column":55}},"530":{"start":{"line":531,"column":0},"end":{"line":531,"column":56}},"531":{"start":{"line":532,"column":0},"end":{"line":532,"column":66}},"532":{"start":{"line":533,"column":0},"end":{"line":533,"column":92}},"533":{"start":{"line":534,"column":0},"end":{"line":534,"column":7}},"534":{"start":{"line":535,"column":0},"end":{"line":535,"column":51}},"535":{"start":{"line":536,"column":0},"end":{"line":536,"column":45}},"536":{"start":{"line":537,"column":0},"end":{"line":537,"column":0}},"537":{"start":{"line":538,"column":0},"end":{"line":538,"column":76}},"538":{"start":{"line":539,"column":0},"end":{"line":539,"column":50}},"539":{"start":{"line":540,"column":0},"end":{"line":540,"column":29}},"540":{"start":{"line":541,"column":0},"end":{"line":541,"column":74}},"541":{"start":{"line":542,"column":0},"end":{"line":542,"column":45}},"542":{"start":{"line":543,"column":0},"end":{"line":543,"column":72}},"543":{"start":{"line":544,"column":0},"end":{"line":544,"column":22}},"544":{"start":{"line":545,"column":0},"end":{"line":545,"column":14}},"545":{"start":{"line":546,"column":0},"end":{"line":546,"column":19}},"546":{"start":{"line":547,"column":0},"end":{"line":547,"column":14}},"547":{"start":{"line":548,"column":0},"end":{"line":548,"column":66}},"548":{"start":{"line":549,"column":0},"end":{"line":549,"column":21}},"549":{"start":{"line":550,"column":0},"end":{"line":550,"column":60}},"550":{"start":{"line":551,"column":0},"end":{"line":551,"column":88}},"551":{"start":{"line":552,"column":0},"end":{"line":552,"column":84}},"552":{"start":{"line":553,"column":0},"end":{"line":553,"column":68}},"553":{"start":{"line":554,"column":0},"end":{"line":554,"column":8}},"554":{"start":{"line":555,"column":0},"end":{"line":555,"column":6}},"555":{"start":{"line":556,"column":0},"end":{"line":556,"column":70}},"556":{"start":{"line":557,"column":0},"end":{"line":557,"column":0}},"557":{"start":{"line":558,"column":0},"end":{"line":558,"column":47}},"558":{"start":{"line":559,"column":0},"end":{"line":559,"column":36}},"559":{"start":{"line":560,"column":0},"end":{"line":560,"column":41}},"560":{"start":{"line":561,"column":0},"end":{"line":561,"column":41}},"561":{"start":{"line":562,"column":0},"end":{"line":562,"column":41}},"562":{"start":{"line":563,"column":0},"end":{"line":563,"column":41}},"563":{"start":{"line":564,"column":0},"end":{"line":564,"column":41}},"564":{"start":{"line":565,"column":0},"end":{"line":565,"column":5}},"565":{"start":{"line":566,"column":0},"end":{"line":566,"column":0}},"566":{"start":{"line":567,"column":0},"end":{"line":567,"column":10}},"567":{"start":{"line":568,"column":0},"end":{"line":568,"column":12}},"568":{"start":{"line":569,"column":0},"end":{"line":569,"column":76}},"569":{"start":{"line":570,"column":0},"end":{"line":570,"column":75}},"570":{"start":{"line":571,"column":0},"end":{"line":571,"column":13}},"571":{"start":{"line":572,"column":0},"end":{"line":572,"column":17}},"572":{"start":{"line":573,"column":0},"end":{"line":573,"column":7}},"573":{"start":{"line":574,"column":0},"end":{"line":574,"column":68}},"574":{"start":{"line":575,"column":0},"end":{"line":575,"column":11}},"575":{"start":{"line":576,"column":0},"end":{"line":576,"column":56}},"576":{"start":{"line":577,"column":0},"end":{"line":577,"column":56}},"577":{"start":{"line":578,"column":0},"end":{"line":578,"column":54}},"578":{"start":{"line":579,"column":0},"end":{"line":579,"column":11}},"579":{"start":{"line":580,"column":0},"end":{"line":580,"column":15}},"580":{"start":{"line":581,"column":0},"end":{"line":581,"column":15}},"581":{"start":{"line":582,"column":0},"end":{"line":582,"column":109}},"582":{"start":{"line":583,"column":0},"end":{"line":583,"column":4}},"583":{"start":{"line":584,"column":0},"end":{"line":584,"column":2}},"584":{"start":{"line":585,"column":0},"end":{"line":585,"column":0}},"585":{"start":{"line":586,"column":0},"end":{"line":586,"column":100}},"586":{"start":{"line":587,"column":0},"end":{"line":587,"column":55}},"587":{"start":{"line":588,"column":0},"end":{"line":588,"column":82}},"588":{"start":{"line":589,"column":0},"end":{"line":589,"column":39}},"589":{"start":{"line":590,"column":0},"end":{"line":590,"column":96}},"590":{"start":{"line":591,"column":0},"end":{"line":591,"column":12}},"591":{"start":{"line":592,"column":0},"end":{"line":592,"column":17}},"592":{"start":{"line":593,"column":0},"end":{"line":593,"column":15}},"593":{"start":{"line":594,"column":0},"end":{"line":594,"column":14}},"594":{"start":{"line":595,"column":0},"end":{"line":595,"column":11}},"595":{"start":{"line":596,"column":0},"end":{"line":596,"column":48}},"596":{"start":{"line":597,"column":0},"end":{"line":597,"column":58}},"597":{"start":{"line":598,"column":0},"end":{"line":598,"column":54}},"598":{"start":{"line":599,"column":0},"end":{"line":599,"column":8}},"599":{"start":{"line":600,"column":0},"end":{"line":600,"column":29}},"600":{"start":{"line":601,"column":0},"end":{"line":601,"column":33}},"601":{"start":{"line":602,"column":0},"end":{"line":602,"column":13}},"602":{"start":{"line":603,"column":0},"end":{"line":603,"column":14}},"603":{"start":{"line":604,"column":0},"end":{"line":604,"column":6}},"604":{"start":{"line":605,"column":0},"end":{"line":605,"column":5}},"605":{"start":{"line":606,"column":0},"end":{"line":606,"column":0}},"606":{"start":{"line":607,"column":0},"end":{"line":607,"column":83}},"607":{"start":{"line":608,"column":0},"end":{"line":608,"column":68}},"608":{"start":{"line":609,"column":0},"end":{"line":609,"column":77}},"609":{"start":{"line":610,"column":0},"end":{"line":610,"column":103}},"610":{"start":{"line":611,"column":0},"end":{"line":611,"column":58}},"611":{"start":{"line":612,"column":0},"end":{"line":612,"column":82}},"612":{"start":{"line":613,"column":0},"end":{"line":613,"column":76}},"613":{"start":{"line":614,"column":0},"end":{"line":614,"column":84}},"614":{"start":{"line":615,"column":0},"end":{"line":615,"column":94}},"615":{"start":{"line":616,"column":0},"end":{"line":616,"column":81}},"616":{"start":{"line":617,"column":0},"end":{"line":617,"column":34}},"617":{"start":{"line":618,"column":0},"end":{"line":618,"column":8}},"618":{"start":{"line":619,"column":0},"end":{"line":619,"column":19}},"619":{"start":{"line":620,"column":0},"end":{"line":620,"column":0}},"620":{"start":{"line":621,"column":0},"end":{"line":621,"column":12}},"621":{"start":{"line":622,"column":0},"end":{"line":622,"column":92}},"622":{"start":{"line":623,"column":0},"end":{"line":623,"column":15}},"623":{"start":{"line":624,"column":0},"end":{"line":624,"column":52}},"624":{"start":{"line":625,"column":0},"end":{"line":625,"column":73}},"625":{"start":{"line":626,"column":0},"end":{"line":626,"column":29}},"626":{"start":{"line":627,"column":0},"end":{"line":627,"column":72}},"627":{"start":{"line":628,"column":0},"end":{"line":628,"column":108}},"628":{"start":{"line":629,"column":0},"end":{"line":629,"column":70}},"629":{"start":{"line":630,"column":0},"end":{"line":630,"column":6}},"630":{"start":{"line":631,"column":0},"end":{"line":631,"column":5}},"631":{"start":{"line":632,"column":0},"end":{"line":632,"column":0}},"632":{"start":{"line":633,"column":0},"end":{"line":633,"column":10}},"633":{"start":{"line":634,"column":0},"end":{"line":634,"column":13}},"634":{"start":{"line":635,"column":0},"end":{"line":635,"column":64}},"635":{"start":{"line":636,"column":0},"end":{"line":636,"column":64}},"636":{"start":{"line":637,"column":0},"end":{"line":637,"column":134}},"637":{"start":{"line":638,"column":0},"end":{"line":638,"column":134}},"638":{"start":{"line":639,"column":0},"end":{"line":639,"column":7}},"639":{"start":{"line":640,"column":0},"end":{"line":640,"column":68}},"640":{"start":{"line":641,"column":0},"end":{"line":641,"column":11}},"641":{"start":{"line":642,"column":0},"end":{"line":642,"column":56}},"642":{"start":{"line":643,"column":0},"end":{"line":643,"column":56}},"643":{"start":{"line":644,"column":0},"end":{"line":644,"column":54}},"644":{"start":{"line":645,"column":0},"end":{"line":645,"column":11}},"645":{"start":{"line":646,"column":0},"end":{"line":646,"column":19}},"646":{"start":{"line":647,"column":0},"end":{"line":647,"column":13}},"647":{"start":{"line":648,"column":0},"end":{"line":648,"column":114}},"648":{"start":{"line":649,"column":0},"end":{"line":649,"column":86}},"649":{"start":{"line":650,"column":0},"end":{"line":650,"column":4}},"650":{"start":{"line":651,"column":0},"end":{"line":651,"column":2}},"651":{"start":{"line":652,"column":0},"end":{"line":652,"column":0}},"652":{"start":{"line":653,"column":0},"end":{"line":653,"column":67}},"653":{"start":{"line":654,"column":0},"end":{"line":654,"column":74}},"654":{"start":{"line":655,"column":0},"end":{"line":655,"column":78}},"655":{"start":{"line":656,"column":0},"end":{"line":656,"column":76}},"656":{"start":{"line":657,"column":0},"end":{"line":657,"column":111}},"657":{"start":{"line":658,"column":0},"end":{"line":658,"column":81}},"658":{"start":{"line":659,"column":0},"end":{"line":659,"column":18}},"659":{"start":{"line":660,"column":0},"end":{"line":660,"column":3}},"660":{"start":{"line":661,"column":0},"end":{"line":661,"column":0}},"661":{"start":{"line":662,"column":0},"end":{"line":662,"column":64}},"662":{"start":{"line":663,"column":0},"end":{"line":663,"column":35}},"663":{"start":{"line":664,"column":0},"end":{"line":664,"column":35}},"664":{"start":{"line":665,"column":0},"end":{"line":665,"column":17}},"665":{"start":{"line":666,"column":0},"end":{"line":666,"column":2}},"666":{"start":{"line":667,"column":0},"end":{"line":667,"column":0}},"667":{"start":{"line":668,"column":0},"end":{"line":668,"column":75}},"668":{"start":{"line":669,"column":0},"end":{"line":669,"column":82}},"669":{"start":{"line":670,"column":0},"end":{"line":670,"column":21}},"670":{"start":{"line":671,"column":0},"end":{"line":671,"column":29}},"671":{"start":{"line":672,"column":0},"end":{"line":672,"column":31}},"672":{"start":{"line":673,"column":0},"end":{"line":673,"column":29}},"673":{"start":{"line":674,"column":0},"end":{"line":674,"column":35}},"674":{"start":{"line":675,"column":0},"end":{"line":675,"column":33}},"675":{"start":{"line":676,"column":0},"end":{"line":676,"column":27}},"676":{"start":{"line":677,"column":0},"end":{"line":677,"column":25}},"677":{"start":{"line":678,"column":0},"end":{"line":678,"column":16}},"678":{"start":{"line":679,"column":0},"end":{"line":679,"column":21}},"679":{"start":{"line":680,"column":0},"end":{"line":680,"column":25}},"680":{"start":{"line":681,"column":0},"end":{"line":681,"column":21}},"681":{"start":{"line":682,"column":0},"end":{"line":682,"column":6}},"682":{"start":{"line":683,"column":0},"end":{"line":683,"column":0}},"683":{"start":{"line":684,"column":0},"end":{"line":684,"column":76}},"684":{"start":{"line":685,"column":0},"end":{"line":685,"column":21}},"685":{"start":{"line":686,"column":0},"end":{"line":686,"column":35}},"686":{"start":{"line":687,"column":0},"end":{"line":687,"column":25}},"687":{"start":{"line":688,"column":0},"end":{"line":688,"column":26}},"688":{"start":{"line":689,"column":0},"end":{"line":689,"column":15}},"689":{"start":{"line":690,"column":0},"end":{"line":690,"column":18}},"690":{"start":{"line":691,"column":0},"end":{"line":691,"column":21}},"691":{"start":{"line":692,"column":0},"end":{"line":692,"column":20}},"692":{"start":{"line":693,"column":0},"end":{"line":693,"column":6}},"693":{"start":{"line":694,"column":0},"end":{"line":694,"column":0}},"694":{"start":{"line":695,"column":0},"end":{"line":695,"column":80}},"695":{"start":{"line":696,"column":0},"end":{"line":696,"column":53}},"696":{"start":{"line":697,"column":0},"end":{"line":697,"column":23}},"697":{"start":{"line":698,"column":0},"end":{"line":698,"column":56}},"698":{"start":{"line":699,"column":0},"end":{"line":699,"column":19}},"699":{"start":{"line":700,"column":0},"end":{"line":700,"column":17}},"700":{"start":{"line":701,"column":0},"end":{"line":701,"column":43}},"701":{"start":{"line":702,"column":0},"end":{"line":702,"column":45}},"702":{"start":{"line":703,"column":0},"end":{"line":703,"column":21}},"703":{"start":{"line":704,"column":0},"end":{"line":704,"column":15}},"704":{"start":{"line":705,"column":0},"end":{"line":705,"column":23}},"705":{"start":{"line":706,"column":0},"end":{"line":706,"column":19}},"706":{"start":{"line":707,"column":0},"end":{"line":707,"column":20}},"707":{"start":{"line":708,"column":0},"end":{"line":708,"column":7}},"708":{"start":{"line":709,"column":0},"end":{"line":709,"column":4}},"709":{"start":{"line":710,"column":0},"end":{"line":710,"column":0}},"710":{"start":{"line":711,"column":0},"end":{"line":711,"column":64}},"711":{"start":{"line":712,"column":0},"end":{"line":712,"column":7}},"712":{"start":{"line":713,"column":0},"end":{"line":713,"column":9}},"713":{"start":{"line":714,"column":0},"end":{"line":714,"column":27}},"714":{"start":{"line":715,"column":0},"end":{"line":715,"column":58}},"715":{"start":{"line":716,"column":0},"end":{"line":716,"column":70}},"716":{"start":{"line":717,"column":0},"end":{"line":717,"column":59}},"717":{"start":{"line":718,"column":0},"end":{"line":718,"column":22}},"718":{"start":{"line":719,"column":0},"end":{"line":719,"column":69}},"719":{"start":{"line":720,"column":0},"end":{"line":720,"column":67}},"720":{"start":{"line":721,"column":0},"end":{"line":721,"column":15}},"721":{"start":{"line":722,"column":0},"end":{"line":722,"column":24}},"722":{"start":{"line":723,"column":0},"end":{"line":723,"column":21}},"723":{"start":{"line":724,"column":0},"end":{"line":724,"column":22}},"724":{"start":{"line":725,"column":0},"end":{"line":725,"column":19}},"725":{"start":{"line":726,"column":0},"end":{"line":726,"column":20}},"726":{"start":{"line":727,"column":0},"end":{"line":727,"column":38}},"727":{"start":{"line":728,"column":0},"end":{"line":728,"column":10}},"728":{"start":{"line":729,"column":0},"end":{"line":729,"column":7}},"729":{"start":{"line":730,"column":0},"end":{"line":730,"column":9}},"730":{"start":{"line":731,"column":0},"end":{"line":731,"column":0}},"731":{"start":{"line":732,"column":0},"end":{"line":732,"column":57}},"732":{"start":{"line":733,"column":0},"end":{"line":733,"column":2}},"733":{"start":{"line":734,"column":0},"end":{"line":734,"column":0}},"734":{"start":{"line":735,"column":0},"end":{"line":735,"column":80}},"735":{"start":{"line":736,"column":0},"end":{"line":736,"column":31}},"736":{"start":{"line":737,"column":0},"end":{"line":737,"column":54}},"737":{"start":{"line":738,"column":0},"end":{"line":738,"column":17}},"738":{"start":{"line":739,"column":0},"end":{"line":739,"column":40}},"739":{"start":{"line":740,"column":0},"end":{"line":740,"column":21}},"740":{"start":{"line":741,"column":0},"end":{"line":741,"column":17}},"741":{"start":{"line":742,"column":0},"end":{"line":742,"column":7}},"742":{"start":{"line":743,"column":0},"end":{"line":743,"column":4}},"743":{"start":{"line":744,"column":0},"end":{"line":744,"column":0}},"744":{"start":{"line":745,"column":0},"end":{"line":745,"column":105}},"745":{"start":{"line":746,"column":0},"end":{"line":746,"column":29}},"746":{"start":{"line":747,"column":0},"end":{"line":747,"column":33}},"747":{"start":{"line":748,"column":0},"end":{"line":748,"column":45}},"748":{"start":{"line":749,"column":0},"end":{"line":749,"column":44}},"749":{"start":{"line":750,"column":0},"end":{"line":750,"column":13}},"750":{"start":{"line":751,"column":0},"end":{"line":751,"column":136}},"751":{"start":{"line":752,"column":0},"end":{"line":752,"column":4}},"752":{"start":{"line":753,"column":0},"end":{"line":753,"column":17}},"753":{"start":{"line":754,"column":0},"end":{"line":754,"column":30}},"754":{"start":{"line":755,"column":0},"end":{"line":755,"column":35}},"755":{"start":{"line":756,"column":0},"end":{"line":756,"column":58}},"756":{"start":{"line":757,"column":0},"end":{"line":757,"column":58}},"757":{"start":{"line":758,"column":0},"end":{"line":758,"column":92}},"758":{"start":{"line":759,"column":0},"end":{"line":759,"column":85}},"759":{"start":{"line":760,"column":0},"end":{"line":760,"column":5}},"760":{"start":{"
[...]
":622,"column":91}}]},"171":{"type":"branch","line":624,"loc":{"start":{"line":624,"column":22},"end":{"line":624,"column":28}},"locations":[{"start":{"line":624,"column":22},"end":{"line":624,"column":28}}]},"172":{"type":"branch","line":624,"loc":{"start":{"line":624,"column":36},"end":{"line":624,"column":51}},"locations":[{"start":{"line":624,"column":36},"end":{"line":624,"column":51}}]},"173":{"type":"branch","line":625,"loc":{"start":{"line":625,"column":31},"end":{"line":625,"column":72}},"locations":[{"start":{"line":625,"column":31},"end":{"line":625,"column":72}}]},"174":{"type":"branch","line":627,"loc":{"start":{"line":627,"column":24},"end":{"line":627,"column":30}},"locations":[{"start":{"line":627,"column":24},"end":{"line":627,"column":30}}]},"175":{"type":"branch","line":627,"loc":{"start":{"line":627,"column":38},"end":{"line":627,"column":71}},"locations":[{"start":{"line":627,"column":38},"end":{"line":627,"column":71}}]},"176":{"type":"branch","line":628,"loc":{"start":{"line":628,"column":103},"end":{"line":628,"column":107}},"locations":[{"start":{"line":628,"column":103},"end":{"line":628,"column":107}}]},"177":{"type":"branch","line":629,"loc":{"start":{"line":629,"column":64},"end":{"line":629,"column":69}},"locations":[{"start":{"line":629,"column":64},"end":{"line":629,"column":69}}]},"178":{"type":"branch","line":610,"loc":{"start":{"line":610,"column":37},"end":{"line":610,"column":71}},"locations":[{"start":{"line":610,"column":37},"end":{"line":610,"column":71}}]},"179":{"type":"branch","line":613,"loc":{"start":{"line":613,"column":11},"end":{"line":618,"column":7}},"locations":[{"start":{"line":613,"column":11},"end":{"line":618,"column":7}}]},"180":{"type":"branch","line":614,"loc":{"start":{"line":614,"column":78},"end":{"line":614,"column":83}},"locations":[{"start":{"line":614,"column":78},"end":{"line":614,"column":83}}]},"181":{"type":"branch","line":615,"loc":{"start":{"line":615,"column":88},"end":{"line":615,"column":93}},"locations":[{"start":{"line":615,"column":88},"end":{"line":615,"column":93}}]},"182":{"type":"branch","line":616,"loc":{"start":{"line":616,"column":37},"end":{"line":616,"column":43}},"locations":[{"start":{"line":616,"column":37},"end":{"line":616,"column":43}}]},"183":{"type":"branch","line":616,"loc":{"start":{"line":616,"column":51},"end":{"line":616,"column":80}},"locations":[{"start":{"line":616,"column":51},"end":{"line":616,"column":80}}]},"184":{"type":"branch","line":653,"loc":{"start":{"line":653,"column":19},"end":{"line":660,"column":2}},"locations":[{"start":{"line":653,"column":19},"end":{"line":660,"column":2}}]},"185":{"type":"branch","line":654,"loc":{"start":{"line":654,"column":23},"end":{"line":654,"column":34}},"locations":[{"start":{"line":654,"column":23},"end":{"line":654,"column":34}}]},"186":{"type":"branch","line":654,"loc":{"start":{"line":654,"column":35},"end":{"line":654,"column":73}},"locations":[{"start":{"line":654,"column":35},"end":{"line":654,"column":73}}]},"187":{"type":"branch","line":654,"loc":{"start":{"line":654,"column":52},"end":{"line":654,"column":60}},"locations":[{"start":{"line":654,"column":52},"end":{"line":654,"column":60}}]},"188":{"type":"branch","line":655,"loc":{"start":{"line":655,"column":26},"end":{"line":655,"column":36}},"locations":[{"start":{"line":655,"column":26},"end":{"line":655,"column":36}}]},"189":{"type":"branch","line":655,"loc":{"start":{"line":655,"column":54},"end":{"line":655,"column":64}},"locations":[{"start":{"line":655,"column":54},"end":{"line":655,"column":64}}]},"190":{"type":"branch","line":655,"loc":{"start":{"line":655,"column":65},"end":{"line":655,"column":77}},"locations":[{"start":{"line":655,"column":65},"end":{"line":655,"column":77}}]},"191":{"type":"branch","line":656,"loc":{"start":{"line":656,"column":29},"end":{"line":656,"column":36}},"locations":[{"start":{"line":656,"column":29},"end":{"line":656,"column":36}}]},"192":{"type":"branch","line":656,"loc":{"start":{"line":656,"column":56},"end":{"line":656,"column":64}},"locations":[{"start":{"line":656,"column":56},"end":{"line":656,"column":64}}]},"193":{"type":"branch","line":656,"loc":{"start":{"line":656,"column":65},"end":{"line":656,"column":75}},"locations":[{"start":{"line":656,"column":65},"end":{"line":656,"column":75}}]},"194":{"type":"branch","line":657,"loc":{"start":{"line":657,"column":34},"end":{"line":657,"column":55}},"locations":[{"start":{"line":657,"column":34},"end":{"line":657,"column":55}}]},"195":{"type":"branch","line":657,"loc":{"start":{"line":657,"column":56},"end":{"line":657,"column":110}},"locations":[{"start":{"line":657,"column":56},"end":{"line":657,"column":110}}]},"196":{"type":"branch","line":657,"loc":{"start":{"line":657,"column":94},"end":{"line":657,"column":110}},"locations":[{"start":{"line":657,"column":94},"end":{"line":657,"column":110}}]},"197":{"type":"branch","line":658,"loc":{"start":{"line":658,"column":28},"end":{"line":658,"column":40}},"locations":[{"start":{"line":658,"column":28},"end":{"line":658,"column":40}}]},"198":{"type":"branch","line":658,"loc":{"start":{"line":658,"column":41},"end":{"line":658,"column":80}},"locations":[{"start":{"line":658,"column":41},"end":{"line":658,"column":80}}]},"199":{"type":"branch","line":658,"loc":{"start":{"line":658,"column":59},"end":{"line":658,"column":67}},"locations":[{"start":{"line":658,"column":59},"end":{"line":658,"column":67}}]},"200":{"type":"branch","line":662,"loc":{"start":{"line":662,"column":26},"end":{"line":666,"column":2}},"locations":[{"start":{"line":662,"column":26},"end":{"line":666,"column":2}}]},"201":{"type":"branch","line":663,"loc":{"start":{"line":663,"column":20},"end":{"line":663,"column":35}},"locations":[{"start":{"line":663,"column":20},"end":{"line":663,"column":35}}]},"202":{"type":"branch","line":664,"loc":{"start":{"line":664,"column":-1},"end":{"line":664,"column":27}},"locations":[{"start":{"line":664,"column":-1},"end":{"line":664,"column":27}}]},"203":{"type":"branch","line":664,"loc":{"start":{"line":664,"column":20},"end":{"line":664,"column":35}},"locations":[{"start":{"line":664,"column":20},"end":{"line":664,"column":35}}]},"204":{"type":"branch","line":665,"loc":{"start":{"line":665,"column":-1},"end":{"line":666,"column":2}},"locations":[{"start":{"line":665,"column":-1},"end":{"line":666,"column":2}}]},"205":{"type":"branch","line":668,"loc":{"start":{"line":668,"column":17},"end":{"line":733,"column":2}},"locations":[{"start":{"line":668,"column":17},"end":{"line":733,"column":2}}]},"206":{"type":"branch","line":712,"loc":{"start":{"line":712,"column":4},"end":{"line":729,"column":7}},"locations":[{"start":{"line":712,"column":4},"end":{"line":729,"column":7}}]},"207":{"type":"branch","line":715,"loc":{"start":{"line":715,"column":41},"end":{"line":715,"column":57}},"locations":[{"start":{"line":715,"column":41},"end":{"line":715,"column":57}}]},"208":{"type":"branch","line":716,"loc":{"start":{"line":716,"column":41},"end":{"line":716,"column":63}},"locations":[{"start":{"line":716,"column":41},"end":{"line":716,"column":63}}]},"209":{"type":"branch","line":716,"loc":{"start":{"line":716,"column":63},"end":{"line":716,"column":69}},"locations":[{"start":{"line":716,"column":63},"end":{"line":716,"column":69}}]},"210":{"type":"branch","line":717,"loc":{"start":{"line":717,"column":42},"end":{"line":717,"column":58}},"locations":[{"start":{"line":717,"column":42},"end":{"line":717,"column":58}}]},"211":{"type":"branch","line":719,"loc":{"start":{"line":719,"column":66},"end":{"line":720,"column":64}},"locations":[{"start":{"line":719,"column":66},"end":{"line":720,"column":64}}]},"212":{"type":"branch","line":720,"loc":{"start":{"line":720,"column":64},"end":{"line":721,"column":14}},"locations":[{"start":{"line":720,"column":64},"end":{"line":721,"column":14}}]},"213":{"type":"branch","line":727,"loc":{"start":{"line":727,"column":31},"end":{"line":727,"column":37}},"locations":[{"start":{"line":727,"column":31},"end":{"line":727,"column":37}}]},"214":{"type":"branch","line":730,"loc":{"start":{"line":730,"column":4},"end":{"line":730,"column":8}},"locations":[{"start":{"line":730,"column":4},"end":{"line":730,"column":8}}]},"215":{"type":"branch","line":669,"loc":{"start":{"line":669,"column":66},"end":{"line":682,"column":4}},"locations":[{"start":{"line":669,"column":66},"end":{"line":682,"column":4}}]},"216":{"type":"branch","line":684,"loc":{"start":{"line":684,"column":64},"end":{"line":693,"column":4}},"locations":[{"start":{"line":684,"column":64},"end":{"line":693,"column":4}}]},"217":{"type":"branch","line":695,"loc":{"start":{"line":695,"column":72},"end":{"line":708,"column":7}},"locations":[{"start":{"line":695,"column":72},"end":{"line":708,"column":7}}]},"218":{"type":"branch","line":696,"loc":{"start":{"line":696,"column":15},"end":{"line":708,"column":6}},"locations":[{"start":{"line":696,"column":15},"end":{"line":708,"column":6}}]},"219":{"type":"branch","line":701,"loc":{"start":{"line":701,"column":26},"end":{"line":701,"column":42}},"locations":[{"start":{"line":701,"column":26},"end":{"line":701,"column":42}}]},"220":{"type":"branch","line":735,"loc":{"start":{"line":735,"column":21},"end":{"line":742,"column":7}},"locations":[{"start":{"line":735,"column":21},"end":{"line":742,"column":7}}]},"221":{"type":"branch","line":736,"loc":{"start":{"line":736,"column":23},"end":{"line":742,"column":7}},"locations":[{"start":{"line":736,"column":23},"end":{"line":742,"column":7}}]},"222":{"type":"branch","line":737,"loc":{"start":{"line":737,"column":15},"end":{"line":742,"column":6}},"locations":[{"start":{"line":737,"column":15},"end":{"line":742,"column":6}}]},"223":{"type":"branch","line":745,"loc":{"start":{"line":745,"column":31},"end":{"line":767,"column":2}},"locations":[{"start":{"line":745,"column":31},"end":{"line":767,"column":2}}]},"224":{"type":"branch","line":758,"loc":{"start":{"line":758,"column":41},"end":{"line":758,"column":52}},"locations":[{"start":{"line":758,"column":41},"end":{"line":758,"column":52}}]},"225":{"type":"branch","line":758,"loc":{"start":{"line":758,"column":72},"end":{"line":758,"column":83}},"locations":[{"start":{"line":758,"column":72},"end":{"line":758,"column":83}}]},"226":{"type":"branch","line":762,"loc":{"start":{"line":762,"column":23},"end":{"line":764,"column":5}},"locations":[{"start":{"line":762,"column":23},"end":{"line":764,"column":5}}]},"227":{"type":"branch","line":769,"loc":{"start":{"line":769,"column":21},"end":{"line":791,"column":2}},"locations":[{"start":{"line":769,"column":21},"end":{"line":791,"column":2}}]},"228":{"type":"branch","line":789,"loc":{"start":{"line":789,"column":16},"end":{"line":789,"column":78}},"locations":[{"start":{"line":789,"column":16},"end":{"line":789,"column":78}}]},"229":{"type":"branch","line":793,"loc":{"start":{"line":793,"column":23},"end":{"line":807,"column":2}},"locations":[{"start":{"line":793,"column":23},"end":{"line":807,"column":2}}]},"230":{"type":"branch","line":809,"loc":{"start":{"line":809,"column":46},"end":{"line":883,"column":2}},"locations":[{"start":{"line":809,"column":46},"end":{"line":883,"column":2}}]},"231":{"type":"branch","line":847,"loc":{"start":{"line":847,"column":73},"end":{"line":847,"column":78}},"locations":[{"start":{"line":847,"column":73},"end":{"line":847,"column":78}}]},"232":{"type":"branch","line":871,"loc":{"start":{"line":871,"column":36},"end":{"line":871,"column":42}},"locations":[{"start":{"line":871,"column":36},"end":{"line":871,"column":42}}]},"233":{"type":"branch","line":871,"loc":{"start":{"line":871,"column":50},"end":{"line":871,"column":96}},"locations":[{"start":{"line":871,"column":50},"end":{"line":871,"column":96}}]}},"b":{"0":[16],"1":[10],"2":[3],"3":[2],"4":[1],"5":[66],"6":[30],"7":[66],"8":[12],"9":[0],"10":[0],"11":[0],"12":[0],"13":[0],"14":[0],"15":[29],"16":[57],"17":[54],"18":[29],"19":[0],"20":[6],"21":[0],"22":[21],"23":[0],"24":[0],"25":[0],"26":[0],"27":[0],"28":[0],"29":[3],"30":[1],"31":[0],"32":[0],"33":[0],"34":[0],"35":[0],"36":[1],"37":[0],"38":[3],"39":[1],"40":[0],"41":[0],"42":[3],"43":[1],"44":[0],"45":[2],"46":[1],"47":[1],"48":[0],"49":[3],"50":[1],"51":[0],"52":[0],"53":[0],"54":[1],"55":[0],"56":[3],"57":[1],"58":[2],"59":[1],"60":[0],"61":[2],"62":[3],"63":[2],"64":[1],"65":[0],"66":[1],"67":[3],"68":[0],"69":[3],"70":[0],"71":[3],"72":[0],"73":[2],"74":[1],"75":[1],"76":[1],"77":[0],"78":[0],"79":[1],"80":[1],"81":[58],"82":[2],"83":[0],"84":[1],"85":[1],"86":[0],"87":[3],"88":[0],"89":[0],"90":[0],"91":[0],"92":[0],"93":[0],"94":[0],"95":[0],"96":[0],"97":[0],"98":[0],"99":[0],"100":[0],"101":[0],"102":[0],"103":[0],"104":[1],"105":[15],"106":[0],"107":[0],"108":[0],"109":[0],"110":[12],"111":[0],"112":[0],"113":[0],"114":[0],"115":[0],"116":[0],"117":[0],"118":[0],"119":[0],"120":[0],"121":[0],"122":[5],"123":[0],"124":[0],"125":[0],"126":[10],"127":[0],"128":[15],"129":[0],"130":[0],"131":[0],"132":[0],"133":[0],"134":[15],"135":[10],"136":[0],"137":[0],"138":[0],"139":[0],"140":[0],"141":[0],"142":[0],"143":[0],"144":[0],"145":[10],"146":[6],"147":[0],"148":[0],"149":[0],"150":[0],"151":[0],"152":[0],"153":[0],"154":[2],"155":[0],"156":[0],"157":[0],"158":[4],"159":[0],"160":[0],"161":[14],"162":[0],"163":[0],"164":[14],"165":[8],"166":[0],"167":[0],"168":[0],"169":[0],"170":[0],"171":[0],"172":[0],"173":[0],"174":[0],"175":[0],"176":[0],"177":[0],"178":[8],"179":[12],"180":[0],"181":[0],"182":[0],"183":[0],"184":[3],"185":[1],"186":[2],"187":[0],"188":[0],"189":[1],"190":[2],"191":[0],"192":[1],"193":[2],"194":[2],"195":[1],"196":[0],"197":[1],"198":[2],"199":[0],"200":[12],"201":[4],"202":[8],"203":[0],"204":[8],"205":[3],"206":[1],"207":[0],"208":[0],"209":[0],"210":[0],"211":[0],"212":[0],"213":[0],"214":[2],"215":[2],"216":[3],"217":[4],"218":[6],"219":[0],"220":[3],"221":[4],"222":[6],"223":[1],"224":[0],"225":[0],"226":[0],"227":[12],"228":[0],"229":[3],"230":[3],"231":[0],"232":[0],"233":[1]},"fnMap":{"0":{"name":"readText","decl":{"start":{"line":253,"column":17},"end":{"line":256,"column":2}},"loc":{"start":{"line":253,"column":17},"end":{"line":256,"column":2}},"line":253},"1":{"name":"readPromptTemplate","decl":{"start":{"line":258,"column":27},"end":{"line":261,"column":2}},"loc":{"start":{"line":258,"column":27},"end":{"line":261,"column":2}},"line":258},"2":{"name":"getPromptBundle","decl":{"start":{"line":263,"column":24},"end":{"line":276,"column":2}},"loc":{"start":{"line":263,"column":24},"end":{"line":276,"column":2}},"line":263},"3":{"name":"replaceAll","decl":{"start":{"line":278,"column":19},"end":{"line":281,"column":52}},"loc":{"start":{"line":278,"column":19},"end":{"line":281,"column":52}},"line":278},"4":{"name":"applyTemplate","decl":{"start":{"line":283,"column":22},"end":{"line":289,"column":2}},"loc":{"start":{"line":283,"column":22},"end":{"line":289,"column":2}},"line":283},"5":{"name":"parseModelJson","decl":{"start":{"line":291,"column":23},"end":{"line":314,"column":2}},"loc":{"start":{"line":291,"column":23},"end":{"line":314,"column":2}},"line":291},"6":{"name":"toIso","decl":{"start":{"line":316,"column":14},"end":{"line":316,"column":71}},"loc":{"start":{"line":316,"column":14},"end":{"line":316,"column":71}},"line":316},"7":{"name":"isIsoDate","decl":{"start":{"line":318,"column":18},"end":{"line":319,"column":64}},"loc":{"start":{"line":318,"column":18},"end":{"line":319,"column":64}},"line":318},"8":{"name":"addDays","decl":{"start":{"line":321,"column":16},"end":{"line":326,"column":2}},"loc":{"start":{"line":321,"column":16},"end":{"line":326,"column":2}},"line":321},"9":{"name":"diffDaysInclusive","decl":{"start":{"line":328,"column":26},"end":{"line":333,"column":2}},"loc":{"start":{"line":328,"column":26},"end":{"line":333,"column":2}},"line":328},"10":{"name":"normalizeWeights","decl":{"start":{"line":335,"column":25},"end":{"line":359,"column":2}},"loc":{"start":{"line":335,"column":25},"end":{"line":359,"column":2}},"line":335},"11":{"name":"inferWeights","decl":{"start":{"line":361,"column":21},"end":{"line":378,"column":2}},"loc":{"start":{"line":361,"column":21},"end":{"line":378,"column":2}},"line":361},"12":{"name":"applyBoost","decl":{"start":{"line":367,"column":21},"end":{"line":369,"column":3}},"loc":{"start":{"line":367,"column":21},"end":{"line":369,"column":3}},"line":367},"13":{"name":"inferPace","decl":{"start":{"line":380,"column":18},"end":{"line":385,"column":2}},"loc":{"start":{"line":380,"column":18},"end":{"line":385,"column":2}},"line":380},"14":{"name":"inferMobility","decl":{"start":{"line":387,"column":22},"end":{"line":395,"column":2}},"loc":{"start":{"line":387,"column":22},"end":{"line":395,"column":2}},"line":387},"15":{"name":"inferCarPreference","decl":{"start":{"line":397,"column":27},"end":{"line":406,"column":2}},"loc":{"start":{"line":397,"column":27},"end":{"line":406,"column":2}},"line":397},"16":{"name":"inferTripMode","decl":{"start":{"line":408,"column":22},"end":{"line":413,"column":2}},"loc":{"start":{"line":408,"column":22},"end":{"line":413,"column":2}},"line":408},"17":{"name":"inferComfortFromBudget","decl":{"start":{"line":415,"column":31},"end":{"line":419,"column":2}},"loc":{"start":{"line":415,"column":31},"end":{"line":419,"column":2}},"line":415},"18":{"name":"normalizeDestinations","decl":{"start":{"line":421,"column":30},"end":{"line":424,"column":2}},"loc":{"start":{"line":421,"column":30},"end":{"line":424,"column":2}},"line":421},"19":{"name":"buildPromptRequest","decl":{"start":{"line":426,"column":27},"end":{"line":472,"column":2}},"loc":{"start":{"line":426,"column":27},"end":{"line":472,"column":2}},"line":426},"20":{"name":"sanitizeNorm","decl":{"start":{"line":474,"column":21},"end":{"line":516,"column":2}},"loc":{"start":{"line":474,"column":21},"end":{"line":516,"column":2}},"line":474},"21":{"name":"sanitizeRoute","decl":{"start":{"line":518,"column":22},"end":{"line":584,"column":2}},"loc":{"start":{"line":518,"column":22},"end":{"line":584,"column":2}},"line":518},"22":{"name":"sanitizeItinerary","decl":{"start":{"line":586,"column":26},"end":{"line":651,"column":2}},"loc":{"start":{"line":586,"column":26},"end":{"line":651,"column":2}},"line":586},"23":{"name":"mapProfile","decl":{"start":{"line":653,"column":19},"end":{"line":660,"column":2}},"loc":{"start":{"line":653,"column":19},"end":{"line":660,"column":2}},"line":653},"24":{"name":"mapTimeCodeToTime","decl":{"start":{"line":662,"column":26},"end":{"line":666,"column":2}},"loc":{"start":{"line":662,"column":26},"end":{"line":666,"column":2}},"line":662},"25":{"name":"mapItems","decl":{"start":{"line":668,"column":17},"end":{"line":733,"column":2}},"loc":{"start":{"line":668,"column":17},"end":{"line":733,"column":2}},"line":668},"26":{"name":"buildDetails","decl":{"start":{"line":735,"column":21},"end":{"line":742,"column":7}},"loc":{"start":{"line":735,"column":21},"end":{"line":742,"column":7}},"line":735},"27":{"name":"renderMarkdownFallback","decl":{"start":{"line":745,"column":31},"end":{"line":767,"column":2}},"loc":{"start":{"line":745,"column":31},"end":{"line":767,"column":2}},"line":745},"28":{"name":"runJsonStage","decl":{"start":{"line":769,"column":21},"end":{"line":791,"column":2}},"loc":{"start":{"line":769,"column":21},"end":{"line":791,"column":2}},"line":769},"29":{"name":"runRenderStage","decl":{"start":{"line":793,"column":23},"end":{"line":807,"column":2}},"loc":{"start":{"line":793,"column":23},"end":{"line":807,"column":2}},"line":793},"30":{"name":"generateItineraryViaPromptPlan","decl":{"start":{"line":809,"column":46},"end":{"line":883,"column":2}},"loc":{"start":{"line":809,"column":46},"end":{"line":883,"column":2}},"line":809}},"f":{"0":16,"1":10,"2":3,"3":66,"4":30,"5":12,"6":29,"7":57,"8":29,"9":6,"10":21,"11":3,"12":0,"13":3,"14":3,"15":3,"16":3,"17":3,"18":3,"19":3,"20":3,"21":15,"22":6,"23":3,"24":12,"25":3,"26":3,"27":1,"28":12,"29":3,"30":3}}
}
