TN:
SF:src\apis\openaiCallers.ts
FN:10,runOpenAiTextCompletion
FN:35,generateItineraryPlanViaOpenAi
FN:49,runItineraryPromptStageViaOpenAi
FNF:3
FNH:2
FNDA:15,runOpenAiTextCompletion
FNDA:0,generateItineraryPlanViaOpenAi
FNDA:15,runItineraryPromptStageViaOpenAi
DA:1,1
DA:2,1
DA:3,1
DA:4,1
DA:5,1
DA:6,1
DA:7,1
DA:8,1
DA:9,1
DA:10,1
DA:11,15
DA:12,15
DA:13,15
DA:14,15
DA:15,15
DA:16,15
DA:17,15
DA:18,15
DA:19,15
DA:20,15
DA:21,15
DA:22,15
DA:23,15
DA:24,15
DA:25,15
DA:26,15
DA:27,15
DA:28,15
DA:29,15
DA:30,15
DA:31,15
DA:32,15
DA:33,15
DA:34,1
DA:35,1
DA:36,0
DA:37,0
DA:38,0
DA:39,0
DA:40,0
DA:41,0
DA:42,0
DA:43,0
DA:44,0
DA:45,0
DA:46,0
DA:47,0
DA:48,1
DA:49,1
DA:50,15
DA:51,15
DA:52,15
DA:53,15
DA:54,15
DA:55,15
DA:56,15
DA:57,15
DA:58,15
DA:59,15
DA:60,15
DA:61,15
DA:62,15
DA:63,15
DA:64,15
DA:65,15
DA:66,15
DA:67,15
DA:68,15
DA:69,15
LF:69
LH:57
BRDA:10,0,0,15
BRDA:27,1,0,0
BRDA:28,2,0,0
BRDA:32,3,0,0
BRDA:49,4,0,15
BRF:5
BRH:2
end_of_record
TN:
SF:src\routes\itineraryRoutes.ts
FNF:0
FNH:0
DA:1,1
DA:2,1
DA:3,1
DA:4,1
DA:5,1
DA:6,1
DA:7,1
DA:8,1
DA:9,1
DA:10,1
DA:11,1
DA:12,1
DA:13,1
DA:14,1
DA:15,1
DA:16,1
DA:17,1
DA:18,1
DA:19,1
DA:20,3
DA:21,3
DA:22,0
DA:23,0
DA:24,0
DA:25,3
DA:26,3
DA:27,3
DA:28,3
DA:29,3
DA:30,3
DA:31,3
DA:32,1
DA:33,1
DA:34,1
DA:35,2
DA:36,2
DA:37,2
DA:38,2
DA:39,2
DA:40,2
DA:41,3
DA:42,0
DA:43,0
DA:44,0
DA:45,1
DA:46,1
DA:47,1
DA:48,1
DA:49,1
DA:50,0
DA:51,0
DA:52,0
DA:53,1
DA:54,0
DA:55,0
DA:56,0
DA:57,1
DA:58,1
DA:59,1
DA:60,1
DA:61,1
DA:62,1
DA:63,1
DA:64,1
DA:65,1
DA:66,1
DA:67,0
DA:68,0
DA:69,0
DA:70,1
DA:71,1
DA:72,0
DA:73,0
DA:74,0
DA:75,1
DA:76,1
DA:77,1
DA:78,0
DA:79,0
DA:80,0
DA:81,1
DA:82,1
DA:83,0
DA:84,0
DA:85,0
DA:86,1
DA:87,1
DA:88,1
DA:89,1
DA:90,1
DA:91,0
DA:92,0
DA:93,0
DA:94,0
DA:95,0
DA:96,0
DA:97,0
DA:98,0
DA:99,0
DA:100,0
DA:101,0
DA:102,0
DA:103,0
DA:104,0
DA:105,0
DA:106,0
DA:107,0
DA:108,0
DA:109,1
DA:110,1
DA:111,1
DA:112,0
DA:113,0
DA:114,0
DA:115,1
DA:116,1
DA:117,1
DA:118,1
DA:119,1
DA:120,1
DA:121,1
DA:122,1
DA:123,1
DA:124,1
DA:125,1
DA:126,1
DA:127,1
DA:128,1
DA:129,1
DA:130,1
DA:131,0
DA:132,0
DA:133,1
DA:134,1
DA:135,1
DA:136,1
DA:137,1
DA:138,1
DA:139,1
DA:140,1
DA:141,1
DA:142,1
DA:143,1
DA:144,1
DA:145,1
DA:146,1
DA:147,1
DA:148,1
DA:149,1
DA:150,1
DA:151,1
DA:152,0
DA:153,0
DA:154,0
DA:155,1
DA:156,1
DA:157,1
DA:158,1
DA:159,1
DA:160,1
DA:161,1
DA:162,1
DA:163,1
DA:164,1
DA:165,1
DA:166,1
DA:167,1
DA:168,0
DA:169,0
DA:170,0
DA:171,0
DA:172,0
DA:173,0
DA:174,0
DA:175,0
DA:176,1
DA:177,1
DA:178,1
LF:178
LH:120
BRDA:19,0,0,3
BRDA:20,1,0,0
BRDA:21,2,0,0
BRDA:27,3,0,1
BRDA:27,4,0,2
BRDA:28,5,0,0
BRDA:29,6,0,0
BRDA:31,7,0,1
BRDA:35,8,0,2
BRDA:41,9,0,0
BRDA:47,10,0,1
BRDA:49,11,0,0
BRDA:53,12,0,0
BRDA:58,13,0,0
BRDA:61,14,0,0
BRDA:64,15,0,0
BRDA:65,16,0,0
BRDA:66,17,0,0
BRDA:71,18,0,0
BRDA:77,19,0,0
BRDA:82,20,0,0
BRDA:90,21,0,0
BRDA:116,22,0,0
BRDA:130,23,0,0
BRDA:137,24,0,0
BRDA:141,25,0,0
BRDA:142,26,0,0
BRDA:151,27,0,0
BRDA:167,28,0,0
BRF:29
BRH:6
end_of_record
TN:
SF:src\services\itineraryPromptPlanService.ts
FN:253,readText
FN:258,readPromptTemplate
FN:263,getPromptBundle
FN:278,replaceAll
FN:283,applyTemplate
FN:291,parseModelJson
FN:316,toIso
FN:318,isIsoDate
FN:321,addDays
FN:328,diffDaysInclusive
FN:335,normalizeWeights
FN:361,inferWeights
FN:367,applyBoost
FN:380,inferPace
FN:387,inferMobility
FN:397,inferCarPreference
FN:408,inferTripMode
FN:415,inferComfortFromBudget
FN:421,normalizeDestinations
FN:426,buildPromptRequest
FN:474,sanitizeNorm
FN:518,sanitizeRoute
FN:586,sanitizeItinerary
FN:653,mapProfile
FN:662,mapTimeCodeToTime
FN:668,mapItems
FN:735,buildDetails
FN:745,renderMarkdownFallback
FN:769,runJsonStage
FN:793,runRenderStage
FN:809,generateItineraryViaPromptPlan
FNF:31
FNH:30
FNDA:16,readText
FNDA:10,readPromptTemplate
FNDA:3,getPromptBundle
FNDA:66,replaceAll
FNDA:30,applyTemplate
FNDA:12,parseModelJson
FNDA:29,toIso
FNDA:57,isIsoDate
FNDA:29,addDays
FNDA:6,diffDaysInclusive
FNDA:21,normalizeWeights
FNDA:3,inferWeights
FNDA:0,applyBoost
FNDA:3,inferPace
FNDA:3,inferMobility
FNDA:3,inferCarPreference
FNDA:3,inferTripMode
FNDA:3,inferComfortFromBudget
FNDA:3,normalizeDestinations
FNDA:3,buildPromptRequest
FNDA:3,sanitizeNorm
FNDA:15,sanitizeRoute
FNDA:6,sanitizeItinerary
FNDA:3,mapProfile
FNDA:12,mapTimeCodeToTime
FNDA:3,mapItems
FNDA:3,buildDetails
FNDA:1,renderMarkdownFallback
FNDA:12,runJsonStage
FNDA:3,runRenderStage
FNDA:3,generateItineraryViaPromptPlan
DA:1,1
DA:2,1
DA:3,1
DA:4,1
DA:5,1
DA:6,1
DA:7,1
DA:8,1
DA:9,1
DA:10,1
DA:11,1
DA:12,1
DA:13,1
DA:14,1
DA:15,1
DA:16,1
DA:17,1
DA:18,1
DA:19,1
DA:20,1
DA:21,1
DA:22,1
DA:23,1
DA:24,1
DA:25,1
DA:26,1
DA:27,1
DA:28,1
DA:29,1
DA:30,1
DA:31,1
DA:32,1
DA:33,1
DA:34,1
DA:35,1
DA:36,1
DA:37,1
DA:38,1
DA:39,1
DA:40,1
DA:41,1
DA:42,1
DA:43,1
DA:44,1
DA:45,1
DA:46,1
DA:47,1
DA:48,1
DA:49,1
DA:50,1
DA:51,1
DA:52,1
DA:53,1
DA:54,1
DA:55,1
DA:56,1
DA:57,1
DA:58,1
DA:59,1
DA:60,1
DA:61,1
DA:62,1
DA:63,1
DA:64,1
DA:65,1
DA:66,1
DA:67,1
DA:68,1
DA:69,1
DA:70,1
DA:71,1
DA:72,1
DA:73,1
DA:74,1
DA:75,1
DA:76,1
DA:77,1
DA:78,1
DA:79,1
DA:80,1
DA:81,1
DA:82,1
DA:83,1
DA:84,1
DA:85,1
DA:86,1
DA:87,1
DA:88,1
DA:89,1
DA:90,1
DA:91,1
DA:92,1
DA:93,1
DA:94,1
DA:95,1
DA:96,1
DA:97,1
DA:98,1
DA:99,1
DA:100,1
DA:101,1
DA:102,1
DA:103,1
DA:104,1
DA:105,1
DA:106,1
DA:107,1
DA:108,1
DA:109,1
DA:110,1
DA:111,1
DA:112,1
DA:113,1
DA:114,1
DA:115,1
DA:116,1
DA:117,1
DA:118,1
DA:119,1
DA:120,1
DA:121,1
DA:122,1
DA:123,1
DA:124,1
DA:125,1
DA:126,1
DA:127,1
DA:128,1
DA:129,1
DA:130,1
DA:131,1
DA:132,1
DA:133,1
DA:134,1
DA:135,1
DA:136,1
DA:137,1
DA:138,1
DA:139,1
DA:140,1
DA:141,1
DA:142,1
DA:143,1
DA:144,1
DA:145,1
DA:146,1
DA:147,1
DA:148,1
DA:149,1
DA:150,1
DA:151,1
DA:152,1
DA:153,1
DA:154,1
DA:155,1
DA:156,1
DA:157,1
DA:158,1
DA:159,1
DA:160,1
DA:161,1
DA:162,1
DA:163,1
DA:164,1
DA:165,1
DA:166,1
DA:167,1
DA:168,1
DA:169,1
DA:170,1
DA:171,1
DA:172,1
DA:173,1
DA:174,1
DA:175,1
DA:176,1
DA:177,1
DA:178,1
DA:179,1
DA:180,1
DA:181,1
DA:182,1
DA:183,1
DA:184,1
DA:185,1
DA:186,1
DA:187,1
DA:188,1
DA:189,1
DA:190,1
DA:191,1
DA:192,1
DA:193,1
DA:194,1
DA:195,1
DA:196,1
DA:197,1
DA:198,1
DA:199,1
DA:200,1
DA:201,1
DA:202,1
DA:203,1
DA:204,1
DA:205,1
DA:206,1
DA:207,1
DA:208,1
DA:209,1
DA:210,1
DA:211,1
DA:212,1
DA:213,1
DA:214,1
DA:215,1
DA:216,1
DA:217,1
DA:218,1
DA:219,1
DA:220,1
DA:221,1
DA:222,1
DA:223,1
DA:224,1
DA:225,1
DA:226,1
DA:227,1
DA:228,1
DA:229,1
DA:230,1
DA:231,1
DA:232,1
DA:233,1
DA:234,1
DA:235,1
DA:236,1
DA:237,1
DA:238,1
DA:239,1
DA:240,1
DA:241,1
DA:242,1
DA:243,1
DA:244,1
DA:245,1
DA:246,1
DA:247,1
DA:248,1
DA:249,1
DA:250,1
DA:251,1
DA:252,1
DA:253,1
DA:254,16
DA:255,16
DA:256,16
DA:257,1
DA:258,1
DA:259,10
DA:260,10
DA:261,10
DA:262,1
DA:263,1
DA:264,3
DA:265,2
DA:266,2
DA:267,2
DA:268,2
DA:269,2
DA:270,2
DA:271,2
DA:272,2
DA:273,2
DA:274,2
DA:275,2
DA:276,2
DA:277,1
DA:278,1
DA:279,66
DA:280,66
DA:281,1
DA:282,1
DA:283,1
DA:284,30
DA:285,30
DA:286,66
DA:287,66
DA:288,30
DA:289,30
DA:290,1
DA:291,1
DA:292,12
DA:293,12
DA:294,12
DA:295,12
DA:296,12
DA:297,12
DA:298,12
DA:299,12
DA:300,12
DA:301,12
DA:302,12
DA:303,12
DA:304,12
DA:305,12
DA:306,12
DA:307,12
DA:308,12
DA:309,0
DA:310,0
DA:311,12
DA:312,0
DA:313,0
DA:314,0
DA:315,1
DA:316,1
DA:317,1
DA:318,1
DA:319,1
DA:320,1
DA:321,1
DA:322,29
DA:323,29
DA:324,29
DA:325,29
DA:326,29
DA:327,1
DA:328,1
DA:329,6
DA:330,6
DA:331,6
DA:332,6
DA:333,6
DA:334,1
DA:335,1
DA:336,21
DA:337,21
DA:338,21
DA:339,21
DA:340,21
DA:341,21
DA:342,21
DA:343,21
DA:344,21
DA:345,0
DA:346,0
DA:347,0
DA:348,0
DA:349,0
DA:350,0
DA:351,0
DA:352,0
DA:353,0
DA:354,0
DA:355,0
DA:356,0
DA:357,0
DA:358,0
DA:359,0
DA:360,1
DA:361,1
DA:362,3
DA:363,3
DA:364,3
DA:365,3
DA:366,3
DA:367,3
DA:368,0
DA:369,3
DA:370,3
DA:371,3
DA:372,3
DA:373,3
DA:374,3
DA:375,3
DA:376,3
DA:377,3
DA:378,3
DA:379,1
DA:380,1
DA:381,3
DA:382,3
DA:383,3
DA:384,3
DA:385,3
DA:386,1
DA:387,1
DA:388,3
DA:389,3
DA:390,3
DA:391,3
DA:392,3
DA:393,3
DA:394,2
DA:395,2
DA:396,1
DA:397,1
DA:398,3
DA:399,3
DA:400,3
DA:401,3
DA:402,3
DA:403,3
DA:404,3
DA:405,3
DA:406,3
DA:407,1
DA:408,1
DA:409,3
DA:410,3
DA:411,3
DA:412,2
DA:413,2
DA:414,1
DA:415,1
DA:416,3
DA:417,2
DA:418,1
DA:419,1
DA:420,1
DA:421,1
DA:422,3
DA:423,3
DA:424,3
DA:425,1
DA:426,1
DA:427,3
DA:428,3
DA:429,3
DA:430,3
DA:431,3
DA:432,3
DA:433,3
DA:434,3
DA:435,3
DA:436,3
DA:437,3
DA:438,3
DA:439,3
DA:440,3
DA:441,3
DA:442,2
DA:443,3
DA:444,3
DA:445,3
DA:446,3
DA:447,3
DA:448,3
DA:449,3
DA:450,3
DA:451,3
DA:452,3
DA:453,3
DA:454,3
DA:455,3
DA:456,3
DA:457,3
DA:458,3
DA:459,3
DA:460,3
DA:461,3
DA:462,3
DA:463,3
DA:464,0
DA:465,0
DA:466,3
DA:467,1
DA:468,1
DA:469,1
DA:470,3
DA:471,3
DA:472,3
DA:473,1
DA:474,1
DA:475,3
DA:476,3
DA:477,3
DA:478,0
DA:479,3
DA:480,3
DA:481,3
DA:482,3
DA:483,3
DA:484,0
DA:485,3
DA:486,3
DA:487,3
DA:488,3
DA:489,3
DA:490,3
DA:491,3
DA:492,3
DA:493,3
DA:494,3
DA:495,3
DA:496,3
DA:497,3
DA:498,3
DA:499,3
DA:500,3
DA:501,3
DA:502,3
DA:503,3
DA:504,3
DA:505,3
DA:506,3
DA:507,3
DA:508,3
DA:509,3
DA:510,3
DA:511,3
DA:512,3
DA:513,3
DA:514,3
DA:515,3
DA:516,3
DA:517,1
DA:518,1
DA:519,15
DA:520,15
DA:521,15
DA:522,15
DA:523,15
DA:524,15
DA:525,15
DA:526,15
DA:527,15
DA:528,15
DA:529,15
DA:530,15
DA:531,15
DA:532,15
DA:533,15
DA:534,15
DA:535,15
DA:536,15
DA:537,15
DA:538,15
DA:539,15
DA:540,15
DA:541,10
DA:542,10
DA:543,10
DA:544,10
DA:545,10
DA:546,10
DA:547,10
DA:548,10
DA:549,10
DA:550,10
DA:551,10
DA:552,10
DA:553,10
DA:554,10
DA:555,15
DA:556,15
DA:557,15
DA:558,15
DA:559,15
DA:560,15
DA:561,15
DA:562,15
DA:563,15
DA:564,15
DA:565,15
DA:566,15
DA:567,15
DA:568,15
DA:569,15
DA:570,15
DA:571,15
DA:572,15
DA:573,15
DA:574,15
DA:575,15
DA:576,5
DA:577,5
DA:578,5
DA:579,5
DA:580,15
DA:581,15
DA:582,15
DA:583,15
DA:584,15
DA:585,1
DA:586,1
DA:587,6
DA:588,6
DA:589,14
DA:590,14
DA:591,14
DA:592,14
DA:593,14
DA:594,14
DA:595,14
DA:596,14
DA:597,14
DA:598,14
DA:599,14
DA:600,14
DA:601,14
DA:602,14
DA:603,14
DA:604,14
DA:605,6
DA:606,6
DA:607,6
DA:608,6
DA:609,8
DA:610,8
DA:611,8
DA:612,8
DA:613,8
DA:614,12
DA:615,12
DA:616,12
DA:617,12
DA:618,8
DA:619,8
DA:620,8
DA:621,8
DA:622,8
DA:623,8
DA:624,8
DA:625,8
DA:626,8
DA:627,8
DA:628,8
DA:629,8
DA:630,8
DA:631,6
DA:632,6
DA:633,6
DA:634,6
DA:635,6
DA:636,6
DA:637,6
DA:638,6
DA:639,6
DA:640,6
DA:641,6
DA:642,2
DA:643,2
DA:644,2
DA:645,2
DA:646,6
DA:647,6
DA:648,6
DA:649,6
DA:650,6
DA:651,6
DA:652,1
DA:653,1
DA:654,3
DA:655,3
DA:656,3
DA:657,3
DA:658,3
DA:659,3
DA:660,1
DA:661,1
DA:662,1
DA:663,12
DA:664,12
DA:665,8
DA:666,8
DA:667,1
DA:668,1
DA:669,3
DA:670,2
DA:671,2
DA:672,2
DA:673,2
DA:674,2
DA:675,2
DA:676,2
DA:677,2
DA:678,2
DA:679,2
DA:680,2
DA:681,2
DA:682,3
DA:683,3
DA:684,3
DA:685,3
DA:686,3
DA:687,3
DA:688,3
DA:689,3
DA:690,3
DA:691,3
DA:692,3
DA:693,3
DA:694,3
DA:695,3
DA:696,4
DA:697,6
DA:698,6
DA:699,6
DA:700,6
DA:701,6
DA:702,6
DA:703,6
DA:704,6
DA:705,6
DA:706,6
DA:707,6
DA:708,4
DA:709,3
DA:710,3
DA:711,3
DA:712,3
DA:713,1
DA:714,1
DA:715,1
DA:716,1
DA:717,1
DA:718,1
DA:719,1
DA:720,1
DA:721,1
DA:722,1
DA:723,1
DA:724,1
DA:725,1
DA:726,1
DA:727,1
DA:728,1
DA:729,1
DA:730,3
DA:731,3
DA:732,3
DA:733,3
DA:734,1
DA:735,1
DA:736,3
DA:737,4
DA:738,6
DA:739,6
DA:740,6
DA:741,6
DA:742,4
DA:743,1
DA:744,1
DA:745,1
DA:746,1
DA:747,1
DA:748,1
DA:749,1
DA:750,1
DA:751,1
DA:752,1
DA:753,1
DA:754,1
DA:755,1
DA:756,1
DA:757,1
DA:758,1
DA:759,1
DA:760,1
DA:761,1
DA:762,1
DA:763,0
DA:764,0
DA:765,1
DA:766,1
DA:767,1
DA:768,1
DA:769,1
DA:770,12
DA:771,12
DA:772,12
DA:773,12
DA:774,12
DA:775,12
DA:776,12
DA:777,12
DA:778,12
DA:779,12
DA:780,12
DA:781,12
DA:782,12
DA:783,12
DA:784,12
DA:785,12
DA:786,12
DA:787,12
DA:788,12
DA:789,12
DA:790,12
DA:791,12
DA:792,1
DA:793,1
DA:794,3
DA:795,3
DA:796,3
DA:797,3
DA:798,3
DA:799,3
DA:800,3
DA:801,3
DA:802,3
DA:803,3
DA:804,3
DA:805,3
DA:806,3
DA:807,3
DA:808,1
DA:809,1
DA:810,3
DA:811,3
DA:812,3
DA:813,3
DA:814,3
DA:815,3
DA:816,3
DA:817,3
DA:818,3
DA:819,3
DA:820,3
DA:821,3
DA:822,3
DA:823,3
DA:824,3
DA:825,3
DA:826,3
DA:827,3
DA:828,3
DA:829,3
DA:830,3
DA:831,3
DA:832,3
DA:833,3
DA:834,3
DA:835,3
DA:836,3
DA:837,3
DA:838,3
DA:839,3
DA:840,3
DA:841,3
DA:842,3
DA:843,3
DA:844,3
DA:845,3
DA:846,3
DA:847,3
DA:848,3
DA:849,3
DA:850,3
DA:851,3
DA:852,3
DA:853,3
DA:854,3
DA:855,3
DA:856,3
DA:857,3
DA:858,3
DA:859,3
DA:860,3
DA:861,3
DA:862,3
DA:863,3
DA:864,3
DA:865,3
DA:866,3
DA:867,3
DA:868,3
DA:869,3
DA:870,3
DA:871,3
DA:872,3
DA:873,3
DA:874,3
DA:875,3
DA:876,3
DA:877,3
DA:878,3
DA:879,3
DA:880,3
DA:881,3
DA:882,3
DA:883,3
LF:883
LH:856
BRDA:253,0,0,16
BRDA:258,1,0,10
BRDA:263,2,0,3
BRDA:264,3,0,2
BRDA:264,4,0,1
BRDA:278,5,0,66
BRDA:283,6,0,30
BRDA:285,7,0,66
BRDA:291,8,0,12
BRDA:292,9,0,0
BRDA:293,10,0,0
BRDA:296,11,0,0
BRDA:305,12,0,0
BRDA:308,13,0,0
BRDA:312,14,0,0
BRDA:316,15,0,29
BRDA:318,16,0,57
BRDA:319,17,0,54
BRDA:321,18,0,29
BRDA:323,19,0,0
BRDA:328,20,0,6
BRDA:331,21,0,0
BRDA:335,22,0,21
BRDA:337,23,0,0
BRDA:338,24,0,0
BRDA:339,25,0,0
BRDA:340,26,0,0
BRDA:341,27,0,0
BRDA:345,28,0,0
BRDA:361,29,0,3
BRDA:364,30,0,1
BRDA:371,31,0,0
BRDA:372,32,0,0
BRDA:373,33,0,0
BRDA:374,34,0,0
BRDA:375,35,0,0
BRDA:365,36,0,1
BRDA:365,37,0,0
BRDA:380,38,0,3
BRDA:381,39,0,1
BRDA:382,40,0,0
BRDA:383,41,0,0
BRDA:387,42,0,3
BRDA:389,43,0,1
BRDA:392,44,0,0
BRDA:393,45,0,2
BRDA:393,46,0,1
BRDA:390,47,0,1
BRDA:390,48,0,0
BRDA:397,49,0,3
BRDA:399,50,0,1
BRDA:402,51,0,0
BRDA:403,52,0,0
BRDA:404,53,0,0
BRDA:400,54,0,1
BRDA:400,55,0,0
BRDA:408,56,0,3
BRDA:409,57,0,1
BRDA:410,58,0,2
BRDA:410,59,0,1
BRDA:411,60,0,0
BRDA:412,61,0,2
BRDA:415,62,0,3
BRDA:416,63,0,2
BRDA:417,64,0,1
BRDA:417,65,0,0
BRDA:418,66,0,1
BRDA:421,67,0,3
BRDA:423,68,0,0
BRDA:422,69,0,3
BRDA:422,70,0,0
BRDA:426,71,0,3
BRDA:428,72,0,0
BRDA:440,73,0,2
BRDA:440,74,0,1
BRDA:460,75,0,1
BRDA:460,76,0,1
BRDA:463,77,0,0
BRDA:463,78,0,0
BRDA:466,79,0,1
BRDA:466,80,0,1
BRDA:429,81,0,58
BRDA:441,82,0,2
BRDA:442,83,0,0
BRDA:442,84,0,1
BRDA:455,85,0,1
BRDA:455,86,0,0
BRDA:474,87,0,3
BRDA:477,88,0,0
BRDA:480,89,0,0
BRDA:483,90,0,0
BRDA:487,91,0,0
BRDA:488,92,0,0
BRDA:489,93,0,0
BRDA:490,94,0,0
BRDA:491,95,0,0
BRDA:492,96,0,0
BRDA:492,97,0,0
BRDA:494,98,0,0
BRDA:495,99,0,0
BRDA:496,100,0,0
BRDA:497,101,0,0
BRDA:498,102,0,0
BRDA:502,103,0,0
BRDA:501,104,0,1
BRDA:518,105,0,15
BRDA:522,106,0,0
BRDA:527,107,0,0
BRDA:536,108,0,0
BRDA:538,109,0,0
BRDA:558,110,0,12
BRDA:560,111,0,0
BRDA:561,112,0,0
BRDA:562,113,0,0
BRDA:563,114,0,0
BRDA:564,115,0,0
BRDA:569,116,0,0
BRDA:569,117,0,0
BRDA:569,118,0,0
BRDA:570,119,0,0
BRDA:570,120,0,0
BRDA:570,121,0,0
BRDA:575,122,0,5
BRDA:576,123,0,0
BRDA:577,124,0,0
BRDA:578,125,0,0
BRDA:580,126,0,10
BRDA:582,127,0,0
BRDA:529,128,0,15
BRDA:530,129,0,0
BRDA:530,130,0,0
BRDA:531,131,0,0
BRDA:532,132,0,0
BRDA:533,133,0,0
BRDA:535,134,0,15
BRDA:540,135,0,10
BRDA:541,136,0,0
BRDA:546,137,0,0
BRDA:548,138,0,0
BRDA:550,139,0,0
BRDA:550,140,0,0
BRDA:551,141,0,0
BRDA:551,142,0,0
BRDA:552,143,0,0
BRDA:553,144,0,0
BRDA:556,145,0,10
BRDA:586,146,0,6
BRDA:607,147,0,0
BRDA:635,148,0,0
BRDA:635,149,0,0
BRDA:636,150,0,0
BRDA:636,151,0,0
BRDA:637,152,0,0
BRDA:638,153,0,0
BRDA:641,154,0,2
BRDA:642,155,0,0
BRDA:643,156,0,0
BRDA:644,157,0,0
BRDA:646,158,0,4
BRDA:648,159,0,0
BRDA:649,160,0,0
BRDA:588,161,0,14
BRDA:590,162,0,0
BRDA:590,163,0,0
BRDA:590,164,0,14
BRDA:608,165,0,8
BRDA:609,166,0,0
BRDA:610,167,0,0
BRDA:610,168,0,0
BRDA:611,169,0,0
BRDA:622,170,0,0
BRDA:624,171,0,0
BRDA:624,172,0,0
BRDA:625,173,0,0
BRDA:627,174,0,0
BRDA:627,175,0,0
BRDA:628,176,0,0
BRDA:629,177,0,0
BRDA:610,178,0,8
BRDA:613,179,0,12
BRDA:614,180,0,0
BRDA:615,181,0,0
BRDA:616,182,0,0
BRDA:616,183,0,0
BRDA:653,184,0,3
BRDA:654,185,0,1
BRDA:654,186,0,2
BRDA:654,187,0,0
BRDA:655,188,0,0
BRDA:655,189,0,1
BRDA:655,190,0,2
BRDA:656,191,0,0
BRDA:656,192,0,1
BRDA:656,193,0,2
BRDA:657,194,0,2
BRDA:657,195,0,1
BRDA:657,196,0,0
BRDA:658,197,0,1
BRDA:658,198,0,2
BRDA:658,199,0,0
BRDA:662,200,0,12
BRDA:663,201,0,4
BRDA:664,202,0,8
BRDA:664,203,0,0
BRDA:665,204,0,8
BRDA:668,205,0,3
BRDA:712,206,0,1
BRDA:715,207,0,0
BRDA:716,208,0,0
BRDA:716,209,0,0
BRDA:717,210,0,0
BRDA:719,211,0,0
BRDA:720,212,0,0
BRDA:727,213,0,0
BRDA:730,214,0,2
BRDA:669,215,0,2
BRDA:684,216,0,3
BRDA:695,217,0,4
BRDA:696,218,0,6
BRDA:701,219,0,0
BRDA:735,220,0,3
BRDA:736,221,0,4
BRDA:737,222,0,6
BRDA:745,223,0,1
BRDA:758,224,0,0
BRDA:758,225,0,0
BRDA:762,226,0,0
BRDA:769,227,0,12
BRDA:789,228,0,0
BRDA:793,229,0,3
BRDA:809,230,0,3
BRDA:847,231,0,0
BRDA:871,232,0,0
BRDA:871,233,0,1
BRF:234
BRH:98
end_of_record
