{"C:\\Git\\Tristan\\Travel-Itinerary-App\\app\\utils\\itineraryGeneration.ts": {"path":"C:\\Git\\Tristan\\Travel-Itinerary-App\\app\\utils\\itineraryGeneration.ts","all":false,"statementMap":{"0":{"start":{"line":1,"column":0},"end":{"line":1,"column":83}},"1":{"start":{"line":2,"column":0},"end":{"line":2,"column":0}},"2":{"start":{"line":3,"column":0},"end":{"line":3,"column":79}},"3":{"start":{"line":4,"column":0},"end":{"line":4,"column":93}},"4":{"start":{"line":5,"column":0},"end":{"line":5,"column":0}},"5":{"start":{"line":6,"column":0},"end":{"line":6,"column":26}},"6":{"start":{"line":7,"column":0},"end":{"line":7,"column":20}},"7":{"start":{"line":8,"column":0},"end":{"line":8,"column":30}},"8":{"start":{"line":9,"column":0},"end":{"line":9,"column":25}},"9":{"start":{"line":10,"column":0},"end":{"line":10,"column":23}},"10":{"start":{"line":11,"column":0},"end":{"line":11,"column":29}},"11":{"start":{"line":12,"column":0},"end":{"line":12,"column":27}},"12":{"start":{"line":13,"column":0},"end":{"line":13,"column":25}},"13":{"start":{"line":14,"column":0},"end":{"line":14,"column":23}},"14":{"start":{"line":15,"column":0},"end":{"line":15,"column":19}},"15":{"start":{"line":16,"column":0},"end":{"line":16,"column":24}},"16":{"start":{"line":17,"column":0},"end":{"line":17,"column":28}},"17":{"start":{"line":18,"column":0},"end":{"line":18,"column":2}},"18":{"start":{"line":19,"column":0},"end":{"line":19,"column":0}},"19":{"start":{"line":20,"column":0},"end":{"line":20,"column":25}},"20":{"start":{"line":21,"column":0},"end":{"line":21,"column":20}},"21":{"start":{"line":22,"column":0},"end":{"line":22,"column":16}},"22":{"start":{"line":23,"column":0},"end":{"line":23,"column":23}},"23":{"start":{"line":24,"column":0},"end":{"line":24,"column":24}},"24":{"start":{"line":25,"column":0},"end":{"line":25,"column":17}},"25":{"start":{"line":26,"column":0},"end":{"line":26,"column":21}},"26":{"start":{"line":27,"column":0},"end":{"line":27,"column":24}},"27":{"start":{"line":28,"column":0},"end":{"line":28,"column":19}},"28":{"start":{"line":29,"column":0},"end":{"line":29,"column":2}},"29":{"start":{"line":30,"column":0},"end":{"line":30,"column":0}},"30":{"start":{"line":31,"column":0},"end":{"line":31,"column":26}},"31":{"start":{"line":32,"column":0},"end":{"line":32,"column":20}},"32":{"start":{"line":33,"column":0},"end":{"line":33,"column":30}},"33":{"start":{"line":34,"column":0},"end":{"line":34,"column":16}},"34":{"start":{"line":35,"column":0},"end":{"line":35,"column":16}},"35":{"start":{"line":36,"column":0},"end":{"line":36,"column":25}},"36":{"start":{"line":37,"column":0},"end":{"line":37,"column":21}},"37":{"start":{"line":38,"column":0},"end":{"line":38,"column":20}},"38":{"start":{"line":39,"column":0},"end":{"line":39,"column":16}},"39":{"start":{"line":40,"column":0},"end":{"line":40,"column":24}},"40":{"start":{"line":41,"column":0},"end":{"line":41,"column":20}},"41":{"start":{"line":42,"column":0},"end":{"line":42,"column":21}},"42":{"start":{"line":43,"column":0},"end":{"line":43,"column":2}},"43":{"start":{"line":44,"column":0},"end":{"line":44,"column":0}},"44":{"start":{"line":45,"column":0},"end":{"line":45,"column":27}},"45":{"start":{"line":46,"column":0},"end":{"line":46,"column":20}},"46":{"start":{"line":47,"column":0},"end":{"line":47,"column":26}},"47":{"start":{"line":48,"column":0},"end":{"line":48,"column":22}},"48":{"start":{"line":49,"column":0},"end":{"line":49,"column":27}},"49":{"start":{"line":50,"column":0},"end":{"line":50,"column":23}},"50":{"start":{"line":51,"column":0},"end":{"line":51,"column":21}},"51":{"start":{"line":52,"column":0},"end":{"line":52,"column":18}},"52":{"start":{"line":53,"column":0},"end":{"line":53,"column":19}},"53":{"start":{"line":54,"column":0},"end":{"line":54,"column":16}},"54":{"start":{"line":55,"column":0},"end":{"line":55,"column":17}},"55":{"start":{"line":56,"column":0},"end":{"line":56,"column":17}},"56":{"start":{"line":57,"column":0},"end":{"line":57,"column":2}},"57":{"start":{"line":58,"column":0},"end":{"line":58,"column":0}},"58":{"start":{"line":59,"column":0},"end":{"line":59,"column":23}},"59":{"start":{"line":60,"column":0},"end":{"line":60,"column":34}},"60":{"start":{"line":61,"column":0},"end":{"line":61,"column":32}},"61":{"start":{"line":62,"column":0},"end":{"line":62,"column":35}},"62":{"start":{"line":63,"column":0},"end":{"line":63,"column":36}},"63":{"start":{"line":64,"column":0},"end":{"line":64,"column":2}},"64":{"start":{"line":65,"column":0},"end":{"line":65,"column":0}},"65":{"start":{"line":66,"column":0},"end":{"line":66,"column":43}},"66":{"start":{"line":67,"column":0},"end":{"line":67,"column":16}},"67":{"start":{"line":68,"column":0},"end":{"line":68,"column":36}},"68":{"start":{"line":69,"column":0},"end":{"line":69,"column":34}},"69":{"start":{"line":70,"column":0},"end":{"line":70,"column":2}},"70":{"start":{"line":71,"column":0},"end":{"line":71,"column":0}},"71":{"start":{"line":72,"column":0},"end":{"line":72,"column":40}},"72":{"start":{"line":73,"column":0},"end":{"line":73,"column":14}},"73":{"start":{"line":74,"column":0},"end":{"line":74,"column":21}},"74":{"start":{"line":75,"column":0},"end":{"line":75,"column":2}},"75":{"start":{"line":76,"column":0},"end":{"line":76,"column":0}},"76":{"start":{"line":77,"column":0},"end":{"line":77,"column":69}},"77":{"start":{"line":78,"column":0},"end":{"line":78,"column":0}},"78":{"start":{"line":79,"column":0},"end":{"line":79,"column":60}},"79":{"start":{"line":80,"column":0},"end":{"line":80,"column":33}},"80":{"start":{"line":81,"column":0},"end":{"line":81,"column":51}},"81":{"start":{"line":82,"column":0},"end":{"line":82,"column":38}},"82":{"start":{"line":83,"column":0},"end":{"line":83,"column":41}},"83":{"start":{"line":84,"column":0},"end":{"line":84,"column":2}},"84":{"start":{"line":85,"column":0},"end":{"line":85,"column":0}},"85":{"start":{"line":86,"column":0},"end":{"line":86,"column":74}},"86":{"start":{"line":87,"column":0},"end":{"line":87,"column":0}},"87":{"start":{"line":88,"column":0},"end":{"line":88,"column":61}},"88":{"start":{"line":89,"column":0},"end":{"line":89,"column":34}},"89":{"start":{"line":90,"column":0},"end":{"line":90,"column":107}},"90":{"start":{"line":91,"column":0},"end":{"line":91,"column":29}},"91":{"start":{"line":92,"column":0},"end":{"line":92,"column":15}},"92":{"start":{"line":93,"column":0},"end":{"line":93,"column":2}},"93":{"start":{"line":94,"column":0},"end":{"line":94,"column":0}},"94":{"start":{"line":95,"column":0},"end":{"line":95,"column":61}},"95":{"start":{"line":96,"column":0},"end":{"line":96,"column":34}},"96":{"start":{"line":97,"column":0},"end":{"line":97,"column":10}},"97":{"start":{"line":98,"column":0},"end":{"line":98,"column":83}},"98":{"start":{"line":99,"column":0},"end":{"line":99,"column":35}},"99":{"start":{"line":100,"column":0},"end":{"line":100,"column":29}},"100":{"start":{"line":101,"column":0},"end":{"line":101,"column":13}},"101":{"start":{"line":102,"column":0},"end":{"line":102,"column":2}},"102":{"start":{"line":103,"column":0},"end":{"line":103,"column":0}},"103":{"start":{"line":104,"column":0},"end":{"line":104,"column":113}},"104":{"start":{"line":105,"column":0},"end":{"line":105,"column":40}},"105":{"start":{"line":106,"column":0},"end":{"line":106,"column":39}},"106":{"start":{"line":107,"column":0},"end":{"line":107,"column":20}},"107":{"start":{"line":108,"column":0},"end":{"line":108,"column":33}},"108":{"start":{"line":109,"column":0},"end":{"line":109,"column":42}},"109":{"start":{"line":110,"column":0},"end":{"line":110,"column":85}},"110":{"start":{"line":111,"column":0},"end":{"line":111,"column":9}},"111":{"start":{"line":112,"column":0},"end":{"line":112,"column":44}},"112":{"start":{"line":113,"column":0},"end":{"line":113,"column":45}},"113":{"start":{"line":114,"column":0},"end":{"line":114,"column":3}},"114":{"start":{"line":115,"column":0},"end":{"line":115,"column":57}},"115":{"start":{"line":116,"column":0},"end":{"line":116,"column":2}},"116":{"start":{"line":117,"column":0},"end":{"line":117,"column":0}},"117":{"start":{"line":118,"column":0},"end":{"line":118,"column":131}},"118":{"start":{"line":119,"column":0},"end":{"line":119,"column":32}},"119":{"start":{"line":120,"column":0},"end":{"line":120,"column":19}},"120":{"start":{"line":121,"column":0},"end":{"line":121,"column":64}},"121":{"start":{"line":122,"column":0},"end":{"line":122,"column":31}},"122":{"start":{"line":123,"column":0},"end":{"line":123,"column":5}},"123":{"start":{"line":124,"column":0},"end":{"line":124,"column":50}},"124":{"start":{"line":125,"column":0},"end":{"line":125,"column":100}},"125":{"start":{"line":126,"column":0},"end":{"line":126,"column":22}},"126":{"start":{"line":127,"column":0},"end":{"line":127,"column":2}},"127":{"start":{"line":128,"column":0},"end":{"line":128,"column":0}},"128":{"start":{"line":129,"column":0},"end":{"line":129,"column":55}},"129":{"start":{"line":130,"column":0},"end":{"line":130,"column":21}},"130":{"start":{"line":131,"column":0},"end":{"line":131,"column":34}},"131":{"start":{"line":132,"column":0},"end":{"line":132,"column":17}},"132":{"start":{"line":133,"column":0},"end":{"line":133,"column":34}},"133":{"start":{"line":134,"column":0},"end":{"line":134,"column":42}},"134":{"start":{"line":135,"column":0},"end":{"line":135,"column":65}},"135":{"start":{"line":136,"column":0},"end":{"line":136,"column":68}},"136":{"start":{"line":137,"column":0},"end":{"line":137,"column":0}},"137":{"start":{"line":138,"column":0},"end":{"line":138,"column":32}},"138":{"start":{"line":139,"column":0},"end":{"line":139,"column":27}},"139":{"start":{"line":140,"column":0},"end":{"line":140,"column":0}},"140":{"start":{"line":141,"column":0},"end":{"line":141,"column":92}},"141":{"start":{"line":142,"column":0},"end":{"line":142,"column":49}},"142":{"start":{"line":143,"column":0},"end":{"line":143,"column":34}},"143":{"start":{"line":144,"column":0},"end":{"line":144,"column":70}},"144":{"start":{"line":145,"column":0},"end":{"line":145,"column":21}},"145":{"start":{"line":146,"column":0},"end":{"line":146,"column":23}},"146":{"start":{"line":147,"column":0},"end":{"line":147,"column":61}},"147":{"start":{"line":148,"column":0},"end":{"line":148,"column":32}},"148":{"start":{"line":149,"column":0},"end":{"line":149,"column":35}},"149":{"start":{"line":150,"column":0},"end":{"line":150,"column":20}},"150":{"start":{"line":151,"column":0},"end":{"line":151,"column":69}},"151":{"start":{"line":152,"column":0},"end":{"line":152,"column":64}},"152":{"start":{"line":153,"column":0},"end":{"line":153,"column":67}},"153":{"start":{"line":154,"column":0},"end":{"line":154,"column":67}},"154":{"start":{"line":155,"column":0},"end":{"line":155,"column":60}},"155":{"start":{"line":156,"column":0},"end":{"line":156,"column":63}},"156":{"start":{"line":157,"column":0},"end":{"line":157,"column":26}},"157":{"start":{"line":158,"column":0},"end":{"line":158,"column":30}},"158":{"start":{"line":159,"column":0},"end":{"line":159,"column":26}},"159":{"start":{"line":160,"column":0},"end":{"line":160,"column":63}},"160":{"start":{"line":161,"column":0},"end":{"line":161,"column":14}},"161":{"start":{"line":162,"column":0},"end":{"line":162,"column":44}},"162":{"start":{"line":163,"column":0},"end":{"line":163,"column":54}},"163":{"start":{"line":164,"column":0},"end":{"line":164,"column":62}},"164":{"start":{"line":165,"column":0},"end":{"line":165,"column":13}},"165":{"start":{"line":166,"column":0},"end":{"line":166,"column":29}},"166":{"start":{"line":167,"column":0},"end":{"line":167,"column":6}},"167":{"start":{"line":168,"column":0},"end":{"line":168,"column":83}},"168":{"start":{"line":169,"column":0},"end":{"line":169,"column":101}},"169":{"start":{"line":170,"column":0},"end":{"line":170,"column":3}},"170":{"start":{"line":171,"column":0},"end":{"line":171,"column":0}},"171":{"start":{"line":172,"column":0},"end":{"line":172,"column":89}},"172":{"start":{"line":173,"column":0},"end":{"line":173,"column":48}},"173":{"start":{"line":174,"column":0},"end":{"line":174,"column":32}},"174":{"start":{"line":175,"column":0},"end":{"line":175,"column":65}},"175":{"start":{"line":176,"column":0},"end":{"line":176,"column":21}},"176":{"start":{"line":177,"column":0},"end":{"line":177,"column":23}},"177":{"start":{"line":178,"column":0},"end":{"line":178,"column":13}},"178":{"start":{"line":179,"column":0},"end":{"line":179,"column":60}},"179":{"start":{"line":180,"column":0},"end":{"line":180,"column":18}},"180":{"start":{"line":181,"column":0},"end":{"line":181,"column":80}},"181":{"start":{"line":182,"column":0},"end":{"line":182,"column":46}},"182":{"start":{"line":183,"column":0},"end":{"line":183,"column":19}},"183":{"start":{"line":184,"column":0},"end":{"line":184,"column":47}},"184":{"start":{"line":185,"column":0},"end":{"line":185,"column":53}},"185":{"start":{"line":186,"column":0},"end":{"line":186,"column":43}},"186":{"start":{"line":187,"column":0},"end":{"line":187,"column":29}},"187":{"start":{"line":188,"column":0},"end":{"line":188,"column":34}},"188":{"start":{"line":189,"column":0},"end":{"line":189,"column":6}},"189":{"start":{"line":190,"column":0},"end":{"line":190,"column":82}},"190":{"start":{"line":191,"column":0},"end":{"line":191,"column":99}},"191":{"start":{"line":192,"column":0},"end":{"line":192,"column":3}},"192":{"start":{"line":193,"column":0},"end":{"line":193,"column":0}},"193":{"start":{"line":194,"column":0},"end":{"line":194,"column":95}},"194":{"start":{"line":195,"column":0},"end":{"line":195,"column":50}},"195":{"start":{"line":196,"column":0},"end":{"line":196,"column":35}},"196":{"start":{"line":197,"column":0},"end":{"line":197,"column":21}},"197":{"start":{"line":198,"column":0},"end":{"line":198,"column":23}},"198":{"start":{"line":199,"column":0},"end":{"line":199,"column":13}},"199":{"start":{"line":200,"column":0},"end":{"line":200,"column":61}},"200":{"start":{"line":201,"column":0},"end":{"line":201,"column":47}},"201":{"start":{"line":202,"column":0},"end":{"line":202,"column":62}},"202":{"start":{"line":203,"column":0},"end":{"line":203,"column":56}},"203":{"start":{"line":204,"column":0},"end":{"line":204,"column":59}},"204":{"start":{"line":205,"column":0},"end":{"line":205,"column":54}},"205":{"start":{"line":206,"column":0},"end":{"line":206,"column":38}},"206":{"start":{"line":207,"column":0},"end":{"line":207,"column":62}},"207":{"start":{"line":208,"column":0},"end":{"line":208,"column":46}},"208":{"start":{"line":209,"column":0},"end":{"line":209,"column":48}},"209":{"start":{"line":210,"column":0},"end":{"line":210,"column":29}},"210":{"start":{"line":211,"column":0},"end":{"line":211,"column":34}},"211":{"start":{"line":212,"column":0},"end":{"line":212,"column":6}},"212":{"start":{"line":213,"column":0},"end":{"line":213,"column":84}},"213":{"start":{"line":214,"column":0},"end":{"line":214,"column":101}},"214":{"start":{"line":215,"column":0},"end":{"line":215,"column":3}},"215":{"start":{"line":216,"column":0},"end":{"line":216,"column":0}},"216":{"start":{"line":217,"column":0},"end":{"line":217,"column":95}},"217":{"start":{"line":218,"column":0},"end":{"line":218,"column":50}},"218":{"start":{"line":219,"column":0},"end":{"line":219,"column":33}},"219":{"start":{"line":220,"column":0},"end":{"line":220,"column":62}},"220":{"start":{"line":221,"column":0},"end":{"line":221,"column":21}},"221":{"start":{"line":222,"column":0},"end":{"line":222,"column":23}},"222":{"start":{"line":223,"column":0},"end":{"line":223,"column":13}},"223":{"start":{"line":224,"column":0},"end":{"line":224,"column":56}},"224":{"start":{"line":225,"column":0},"end":{"line":225,"column":17}},"225":{"start":{"line":226,"column":0},"end":{"line":226,"column":58}},"226":{"start":{"line":227,"column":0},"end":{"line":227,"column":76}},"227":{"start":{"line":228,"column":0},"end":{"line":228,"column":46}},"228":{"start":{"line":229,"column":0},"end":{"line":229,"column":40}},"229":{"start":{"line":230,"column":0},"end":{"line":230,"column":42}},"230":{"start":{"line":231,"column":0},"end":{"line":231,"column":36}},"231":{"start":{"line":232,"column":0},"end":{"line":232,"column":38}},"232":{"start":{"line":233,"column":0},"end":{"line":233,"column":38}},"233":{"start":{"line":234,"column":0},"end":{"line":234,"column":29}},"234":{"start":{"line":235,"column":0},"end":{"line":235,"column":34}},"235":{"start":{"line":236,"column":0},"end":{"line":236,"column":6}},"236":{"start":{"line":237,"column":0},"end":{"line":237,"column":85}},"237":{"start":{"line":238,"column":0},"end":{"line":238,"column":105}},"238":{"start":{"line":239,"column":0},"end":{"line":239,"column":3}},"239":{"start":{"line":240,"column":0},"end":{"line":240,"column":0}},"240":{"start":{"line":241,"column":0},"end":{"line":241,"column":49}},"241":{"start":{"line":242,"column":0},"end":{"line":242,"column":2}}},"s":{"0":1,"1":1,"2":1,"3":1,"4":1,"5":1,"6":1,"7":1,"8":1,"9":1,"10":1,"11":1,"12":1,"13":1,"14":1,"15":1,"16":1,"17":1,"18":1,"19":1,"20":1,"21":1,"22":1,"23":1,"24":1,"25":1,"26":1,"27":1,"28":1,"29":1,"30":1,"31":1,"32":1,"33":1,"34":1,"35":1,"36":1,"37":1,"38":1,"39":1,"40":1,"41":1,"42":1,"43":1,"44":1,"45":1,"46":1,"47":1,"48":1,"49":1,"50":1,"51":1,"52":1,"53":1,"54":1,"55":1,"56":1,"57":1,"58":1,"59":1,"60":1,"61":1,"62":1,"63":1,"64":1,"65":1,"66":1,"67":1,"68":1,"69":1,"70":1,"71":1,"72":1,"73":1,"74":1,"75":1,"76":1,"77":1,"78":1,"79":0,"80":0,"81":0,"82":0,"83":0,"84":1,"85":1,"86":1,"87":1,"88":1,"89":1,"90":1,"91":1,"92":1,"93":1,"94":1,"95":1,"96":1,"97":1,"98":1,"99":1,"100":1,"101":1,"102":1,"103":1,"104":2,"105":1,"106":1,"107":2,"108":2,"109":2,"110":1,"111":1,"112":1,"113":1,"114":2,"115":2,"116":1,"117":1,"118":4,"119":4,"120":4,"121":4,"122":4,"123":4,"124":4,"125":4,"126":4,"127":1,"128":1,"129":1,"130":1,"131":1,"132":1,"133":1,"134":1,"135":1,"136":1,"137":1,"138":1,"139":1,"140":1,"141":1,"142":1,"143":1,"144":1,"145":1,"146":1,"147":1,"148":1,"149":1,"150":1,"151":1,"152":1,"153":1,"154":1,"155":1,"156":1,"157":1,"158":1,"159":1,"160":1,"161":1,"162":1,"163":1,"164":1,"165":1,"166":1,"167":1,"168":1,"169":1,"170":1,"171":1,"172":1,"173":1,"174":1,"175":1,"176":1,"177":1,"178":1,"179":1,"180":1,"181":1,"182":1,"183":1,"184":1,"185":1,"186":1,"187":1,"188":1,"189":1,"190":1,"191":1,"192":1,"193":1,"194":1,"195":1,"196":1,"197":1,"198":1,"199":1,"200":1,"201":1,"202":1,"203":1,"204":1,"205":1,"206":1,"207":1,"208":1,"209":1,"210":1,"211":1,"212":1,"213":1,"214":1,"215":1,"216":1,"217":1,"218":1,"219":1,"220":1,"221":1,"222":1,"223":1,"224":1,"225":1,"226":1,"227":1,"228":1,"229":1,"230":1,"231":1,"232":1,"233":1,"234":1,"235":1,"236":1,"237":1,"238":1,"239":1,"240":1,"241":1},"branchMap":{"0":{"type":"branch","line":77,"loc":{"start":{"line":77,"column":17},"end":{"line":77,"column":68}},"locations":[{"start":{"line":77,"column":17},"end":{"line":77,"column":68}}]},"1":{"type":"branch","line":86,"loc":{"start":{"line":86,"column":19},"end":{"line":86,"column":73}},"locations":[{"start":{"line":86,"column":19},"end":{"line":86,"column":73}}]},"2":{"type":"branch","line":86,"loc":{"start":{"line":86,"column":59},"end":{"line":86,"column":65}},"locations":[{"start":{"line":86,"column":59},"end":{"line":86,"column":65}}]},"3":{"type":"branch","line":88,"loc":{"start":{"line":88,"column":26},"end":{"line":93,"column":2}},"locations":[{"start":{"line":88,"column":26},"end":{"line":93,"column":2}}]},"4":{"type":"branch","line":92,"loc":{"start":{"line":92,"column":4},"end":{"line":92,"column":14}},"locations":[{"start":{"line":92,"column":4},"end":{"line":92,"column":14}}]},"5":{"type":"branch","line":95,"loc":{"start":{"line":95,"column":26},"end":{"line":102,"column":2}},"locations":[{"start":{"line":95,"column":26},"end":{"line":102,"column":2}}]},"6":{"type":"branch","line":101,"loc":{"start":{"line":101,"column":4},"end":{"line":101,"column":12}},"locations":[{"start":{"line":101,"column":4},"end":{"line":101,"column":12}}]},"7":{"type":"branch","line":104,"loc":{"start":{"line":104,"column":44},"end":{"line":116,"column":2}},"locations":[{"start":{"line":104,"column":44},"end":{"line":116,"column":2}}]},"8":{"type":"branch","line":105,"loc":{"start":{"line":105,"column":39},"end":{"line":115,"column":52}},"locations":[{"start":{"line":105,"column":39},"end":{"line":115,"column":52}}]},"9":{"type":"branch","line":115,"loc":{"start":{"line":115,"column":48},"end":{"line":115,"column":54}},"locations":[{"start":{"line":115,"column":48},"end":{"line":115,"column":54}}]},"10":{"type":"branch","line":107,"loc":{"start":{"line":107,"column":11},"end":{"line":111,"column":8}},"locations":[{"start":{"line":107,"column":11},"end":{"line":111,"column":8}}]},"11":{"type":"branch","line":108,"loc":{"start":{"line":108,"column":27},"end":{"line":108,"column":32}},"locations":[{"start":{"line":108,"column":27},"end":{"line":108,"column":32}}]},"12":{"type":"branch","line":110,"loc":{"start":{"line":110,"column":41},"end":{"line":110,"column":68}},"locations":[{"start":{"line":110,"column":41},"end":{"line":110,"column":68}}]},"13":{"type":"branch","line":110,"loc":{"start":{"line":110,"column":69},"end":{"line":110,"column":77}},"locations":[{"start":{"line":110,"column":69},"end":{"line":110,"column":77}}]},"14":{"type":"branch","line":112,"loc":{"start":{"line":112,"column":14},"end":{"line":112,"column":42}},"locations":[{"start":{"line":112,"column":14},"end":{"line":112,"column":42}}]},"15":{"type":"branch","line":118,"loc":{"start":{"line":118,"column":17},"end":{"line":127,"column":2}},"locations":[{"start":{"line":118,"column":17},"end":{"line":127,"column":2}}]},"16":{"type":"branch","line":125,"loc":{"start":{"line":125,"column":15},"end":{"line":125,"column":100}},"locations":[{"start":{"line":125,"column":15},"end":{"line":125,"column":100}}]},"17":{"type":"branch","line":129,"loc":{"start":{"line":129,"column":39},"end":{"line":242,"column":2}},"locations":[{"start":{"line":129,"column":39},"end":{"line":242,"column":2}}]},"18":{"type":"branch","line":136,"loc":{"start":{"line":136,"column":34},"end":{"line":136,"column":68}},"locations":[{"start":{"line":136,"column":34},"end":{"line":136,"column":68}}]},"19":{"type":"branch","line":141,"loc":{"start":{"line":141,"column":87},"end":{"line":141,"column":91}},"locations":[{"start":{"line":141,"column":87},"end":{"line":141,"column":91}}]},"20":{"type":"branch","line":144,"loc":{"start":{"line":144,"column":60},"end":{"line":144,"column":69}},"locations":[{"start":{"line":144,"column":60},"end":{"line":144,"column":69}}]},"21":{"type":"branch","line":169,"loc":{"start":{"line":169,"column":20},"end":{"line":169,"column":101}},"locations":[{"start":{"line":169,"column":20},"end":{"line":169,"column":101}}]},"22":{"type":"branch","line":172,"loc":{"start":{"line":172,"column":84},"end":{"line":172,"column":88}},"locations":[{"start":{"line":172,"column":84},"end":{"line":172,"column":88}}]},"23":{"type":"branch","line":175,"loc":{"start":{"line":175,"column":55},"end":{"line":175,"column":64}},"locations":[{"start":{"line":175,"column":55},"end":{"line":175,"column":64}}]},"24":{"type":"branch","line":179,"loc":{"start":{"line":179,"column":36},"end":{"line":179,"column":59}},"locations":[{"start":{"line":179,"column":36},"end":{"line":179,"column":59}}]},"25":{"type":"branch","line":181,"loc":{"start":{"line":181,"column":52},"end":{"line":181,"column":79}},"locations":[{"start":{"line":181,"column":52},"end":{"line":181,"column":79}}]},"26":{"type":"branch","line":191,"loc":{"start":{"line":191,"column":20},"end":{"line":191,"column":99}},"locations":[{"start":{"line":191,"column":20},"end":{"line":191,"column":99}}]},"27":{"type":"branch","line":194,"loc":{"start":{"line":194,"column":90},"end":{"line":194,"column":94}},"locations":[{"start":{"line":194,"column":90},"end":{"line":194,"column":94}}]},"28":{"type":"branch","line":201,"loc":{"start":{"line":201,"column":37},"end":{"line":201,"column":46}},"locations":[{"start":{"line":201,"column":37},"end":{"line":201,"column":46}}]},"29":{"type":"branch","line":202,"loc":{"start":{"line":202,"column":37},"end":{"line":202,"column":61}},"locations":[{"start":{"line":202,"column":37},"end":{"line":202,"column":61}}]},"30":{"type":"branch","line":214,"loc":{"start":{"line":214,"column":20},"end":{"line":214,"column":101}},"locations":[{"start":{"line":214,"column":20},"end":{"line":214,"column":101}}]},"31":{"type":"branch","line":217,"loc":{"start":{"line":217,"column":90},"end":{"line":217,"column":94}},"locations":[{"start":{"line":217,"column":90},"end":{"line":217,"column":94}}]},"32":{"type":"branch","line":220,"loc":{"start":{"line":220,"column":52},"end":{"line":220,"column":61}},"locations":[{"start":{"line":220,"column":52},"end":{"line":220,"column":61}}]},"33":{"type":"branch","line":227,"loc":{"start":{"line":227,"column":49},"end":{"line":227,"column":75}},"locations":[{"start":{"line":227,"column":49},"end":{"line":227,"column":75}}]},"34":{"type":"branch","line":238,"loc":{"start":{"line":238,"column":20},"end":{"line":238,"column":105}},"locations":[{"start":{"line":238,"column":20},"end":{"line":238,"column":105}}]}},"b":{"0":[1],"1":[41],"2":[23],"3":[1],"4":[0],"5":[1],"6":[0],"7":[2],"8":[1],"9":[0],"10":[2],"11":[0],"12":[0],"13":[0],"14":[2],"15":[4],"16":[0],"17":[1],"18":[0],"19":[0],"20":[0],"21":[0],"22":[0],"23":[0],"24":[0],"25":[0],"26":[0],"27":[0],"28":[0],"29":[0],"30":[0],"31":[0],"32":[0],"33":[0],"34":[0]},"fnMap":{"0":{"name":"isoToday","decl":{"start":{"line":77,"column":17},"end":{"line":77,"column":68}},"loc":{"start":{"line":77,"column":17},"end":{"line":77,"column":68}},"line":77},"1":{"name":"addDays","decl":{"start":{"line":79,"column":16},"end":{"line":84,"column":2}},"loc":{"start":{"line":79,"column":16},"end":{"line":84,"column":2}},"line":79},"2":{"name":"safeString","decl":{"start":{"line":86,"column":19},"end":{"line":86,"column":73}},"loc":{"start":{"line":86,"column":19},"end":{"line":86,"column":73}},"line":86},"3":{"name":"validTransferType","decl":{"start":{"line":88,"column":26},"end":{"line":93,"column":2}},"loc":{"start":{"line":88,"column":26},"end":{"line":93,"column":2}},"line":88},"4":{"name":"validActivityType","decl":{"start":{"line":95,"column":26},"end":{"line":102,"column":2}},"loc":{"start":{"line":95,"column":26},"end":{"line":102,"column":2}},"line":95},"5":{"name":"getGeneratedItineraryDetails","decl":{"start":{"line":104,"column":44},"end":{"line":116,"column":2}},"loc":{"start":{"line":104,"column":44},"end":{"line":116,"column":2}},"line":104},"6":{"name":"postJson","decl":{"start":{"line":118,"column":17},"end":{"line":127,"column":2}},"loc":{"start":{"line":118,"column":17},"end":{"line":127,"column":2}},"line":118},"7":{"name":"addGeneratedItemsToTrip","decl":{"start":{"line":129,"column":39},"end":{"line":242,"column":2}},"loc":{"start":{"line":129,"column":39},"end":{"line":242,"column":2}},"line":129}},"f":{"0":1,"1":0,"2":41,"3":1,"4":1,"5":2,"6":4,"7":1}}
,"C:\\Git\\Tristan\\Travel-Itinerary-App\\app\\utils\\itineraryParser.ts": {"path":"C:\\Git\\Tristan\\Travel-Itinerary-App\\app\\utils\\itineraryParser.ts","all":false,"statementMap":{"0":{"start":{"line":1,"column":0},"end":{"line":1,"column":92}},"1":{"start":{"line":2,"column":0},"end":{"line":2,"column":0}},"2":{"start":{"line":3,"column":0},"end":{"line":3,"column":78}},"3":{"start":{"line":4,"column":0},"end":{"line":4,"column":46}},"4":{"start":{"line":5,"column":0},"end":{"line":5,"column":39}},"5":{"start":{"line":6,"column":0},"end":{"line":6,"column":0}},"6":{"start":{"line":7,"column":0},"end":{"line":7,"column":39}},"7":{"start":{"line":8,"column":0},"end":{"line":8,"column":28}},"8":{"start":{"line":9,"column":0},"end":{"line":9,"column":24}},"9":{"start":{"line":10,"column":0},"end":{"line":10,"column":0}},"10":{"start":{"line":11,"column":0},"end":{"line":11,"column":48}},"11":{"start":{"line":12,"column":0},"end":{"line":12,"column":19}},"12":{"start":{"line":13,"column":0},"end":{"line":13,"column":39}},"13":{"start":{"line":14,"column":0},"end":{"line":14,"column":86}},"14":{"start":{"line":15,"column":0},"end":{"line":15,"column":57}},"15":{"start":{"line":16,"column":0},"end":{"line":16,"column":70}},"16":{"start":{"line":17,"column":0},"end":{"line":17,"column":23}},"17":{"start":{"line":18,"column":0},"end":{"line":18,"column":58}},"18":{"start":{"line":19,"column":0},"end":{"line":19,"column":81}},"19":{"start":{"line":20,"column":0},"end":{"line":20,"column":119}},"20":{"start":{"line":21,"column":0},"end":{"line":21,"column":9}},"21":{"start":{"line":22,"column":0},"end":{"line":22,"column":7}},"22":{"start":{"line":23,"column":0},"end":{"line":23,"column":15}},"23":{"start":{"line":24,"column":0},"end":{"line":24,"column":5}},"24":{"start":{"line":25,"column":0},"end":{"line":25,"column":37}},"25":{"start":{"line":26,"column":0},"end":{"line":26,"column":0}},"26":{"start":{"line":27,"column":0},"end":{"line":27,"column":57}},"27":{"start":{"line":28,"column":0},"end":{"line":28,"column":28}},"28":{"start":{"line":29,"column":0},"end":{"line":29,"column":0}},"29":{"start":{"line":30,"column":0},"end":{"line":30,"column":52}},"30":{"start":{"line":31,"column":0},"end":{"line":31,"column":75}},"31":{"start":{"line":32,"column":0},"end":{"line":32,"column":113}},"32":{"start":{"line":33,"column":0},"end":{"line":33,"column":3}},"33":{"start":{"line":34,"column":0},"end":{"line":34,"column":0}},"34":{"start":{"line":35,"column":0},"end":{"line":35,"column":17}},"35":{"start":{"line":36,"column":0},"end":{"line":36,"column":2}}},"s":{"0":1,"1":1,"2":1,"3":7,"4":7,"5":7,"6":7,"7":36,"8":36,"9":26,"10":26,"11":36,"12":11,"13":11,"14":11,"15":2,"16":2,"17":2,"18":2,"19":2,"20":2,"21":2,"22":11,"23":11,"24":15,"25":13,"26":13,"27":13,"28":13,"29":13,"30":36,"31":36,"32":36,"33":7,"34":7,"35":7},"branchMap":{"0":{"type":"branch","line":3,"loc":{"start":{"line":3,"column":34},"end":{"line":36,"column":2}},"locations":[{"start":{"line":3,"column":34},"end":{"line":36,"column":2}}]},"1":{"type":"branch","line":7,"loc":{"start":{"line":7,"column":38},"end":{"line":33,"column":3}},"locations":[{"start":{"line":7,"column":38},"end":{"line":33,"column":3}}]},"2":{"type":"branch","line":9,"loc":{"start":{"line":9,"column":15},"end":{"line":9,"column":24}},"locations":[{"start":{"line":9,"column":15},"end":{"line":9,"column":24}}]},"3":{"type":"branch","line":10,"loc":{"start":{"line":10,"column":-2},"end":{"line":12,"column":18}},"locations":[{"start":{"line":10,"column":-2},"end":{"line":12,"column":18}}]},"4":{"type":"branch","line":12,"loc":{"start":{"line":12,"column":18},"end":{"line":24,"column":5}},"locations":[{"start":{"line":12,"column":18},"end":{"line":24,"column":5}}]},"5":{"type":"branch","line":15,"loc":{"start":{"line":15,"column":23},"end":{"line":15,"column":54}},"locations":[{"start":{"line":15,"column":23},"end":{"line":15,"column":54}}]},"6":{"type":"branch","line":15,"loc":{"start":{"line":15,"column":56},"end":{"line":22,"column":7}},"locations":[{"start":{"line":15,"column":56},"end":{"line":22,"column":7}}]},"7":{"type":"branch","line":19,"loc":{"start":{"line":19,"column":33},"end":{"line":19,"column":73}},"locations":[{"start":{"line":19,"column":33},"end":{"line":19,"column":73}}]},"8":{"type":"branch","line":20,"loc":{"start":{"line":20,"column":90},"end":{"line":20,"column":108}},"locations":[{"start":{"line":20,"column":90},"end":{"line":20,"column":108}}]},"9":{"type":"branch","line":25,"loc":{"start":{"line":25,"column":-2},"end":{"line":25,"column":37}},"locations":[{"start":{"line":25,"column":-2},"end":{"line":25,"column":37}}]},"10":{"type":"branch","line":25,"loc":{"start":{"line":25,"column":28},"end":{"line":25,"column":37}},"locations":[{"start":{"line":25,"column":28},"end":{"line":25,"column":37}}]},"11":{"type":"branch","line":26,"loc":{"start":{"line":26,"column":-2},"end":{"line":28,"column":28}},"locations":[{"start":{"line":26,"column":-2},"end":{"line":28,"column":28}}]},"12":{"type":"branch","line":28,"loc":{"start":{"line":28,"column":19},"end":{"line":28,"column":28}},"locations":[{"start":{"line":28,"column":19},"end":{"line":28,"column":28}}]},"13":{"type":"branch","line":29,"loc":{"start":{"line":29,"column":-2},"end":{"line":31,"column":27}},"locations":[{"start":{"line":29,"column":-2},"end":{"line":31,"column":27}}]},"14":{"type":"branch","line":31,"loc":{"start":{"line":31,"column":27},"end":{"line":31,"column":67}},"locations":[{"start":{"line":31,"column":27},"end":{"line":31,"column":67}}]},"15":{"type":"branch","line":31,"loc":{"start":{"line":31,"column":68},"end":{"line":31,"column":74}},"locations":[{"start":{"line":31,"column":68},"end":{"line":31,"column":74}}]},"16":{"type":"branch","line":32,"loc":{"start":{"line":32,"column":84},"end":{"line":32,"column":102}},"locations":[{"start":{"line":32,"column":84},"end":{"line":32,"column":102}}]},"17":{"type":"branch","line":32,"loc":{"start":{"line":32,"column":103},"end":{"line":32,"column":109}},"locations":[{"start":{"line":32,"column":103},"end":{"line":32,"column":109}}]}},"b":{"0":[7],"1":[36],"2":[10],"3":[26],"4":[11],"5":[6],"6":[2],"7":[0],"8":[0],"9":[15],"10":[2],"11":[13],"12":[0],"13":[13],"14":[3],"15":[10],"16":[3],"17":[10]},"fnMap":{"0":{"name":"parsePlanToDetails","decl":{"start":{"line":3,"column":34},"end":{"line":36,"column":2}},"loc":{"start":{"line":3,"column":34},"end":{"line":36,"column":2}},"line":3}},"f":{"0":7}}
}
