TN:
SF:utils\itineraryGeneration.ts
FN:77,isoToday
FN:79,addDays
FN:86,safeString
FN:88,validTransferType
FN:95,validActivityType
FN:104,getGeneratedItineraryDetails
FN:118,postJson
FN:129,addGeneratedItemsToTrip
FNF:8
FNH:7
FNDA:1,isoToday
FNDA:0,addDays
FNDA:41,safeString
FNDA:1,validTransferType
FNDA:1,validActivityType
FNDA:2,getGeneratedItineraryDetails
FNDA:4,postJson
FNDA:1,addGeneratedItemsToTrip
DA:1,1
DA:2,1
DA:3,1
DA:4,1
DA:5,1
DA:6,1
DA:7,1
DA:8,1
DA:9,1
DA:10,1
DA:11,1
DA:12,1
DA:13,1
DA:14,1
DA:15,1
DA:16,1
DA:17,1
DA:18,1
DA:19,1
DA:20,1
DA:21,1
DA:22,1
DA:23,1
DA:24,1
DA:25,1
DA:26,1
DA:27,1
DA:28,1
DA:29,1
DA:30,1
DA:31,1
DA:32,1
DA:33,1
DA:34,1
DA:35,1
DA:36,1
DA:37,1
DA:38,1
DA:39,1
DA:40,1
DA:41,1
DA:42,1
DA:43,1
DA:44,1
DA:45,1
DA:46,1
DA:47,1
DA:48,1
DA:49,1
DA:50,1
DA:51,1
DA:52,1
DA:53,1
DA:54,1
DA:55,1
DA:56,1
DA:57,1
DA:58,1
DA:59,1
DA:60,1
DA:61,1
DA:62,1
DA:63,1
DA:64,1
DA:65,1
DA:66,1
DA:67,1
DA:68,1
DA:69,1
DA:70,1
DA:71,1
DA:72,1
DA:73,1
DA:74,1
DA:75,1
DA:76,1
DA:77,1
DA:78,1
DA:79,1
DA:80,0
DA:81,0
DA:82,0
DA:83,0
DA:84,0
DA:85,1
DA:86,1
DA:87,1
DA:88,1
DA:89,1
DA:90,1
DA:91,1
DA:92,1
DA:93,1
DA:94,1
DA:95,1
DA:96,1
DA:97,1
DA:98,1
DA:99,1
DA:100,1
DA:101,1
DA:102,1
DA:103,1
DA:104,1
DA:105,2
DA:106,1
DA:107,1
DA:108,2
DA:109,2
DA:110,2
DA:111,1
DA:112,1
DA:113,1
DA:114,1
DA:115,2
DA:116,2
DA:117,1
DA:118,1
DA:119,4
DA:120,4
DA:121,4
DA:122,4
DA:123,4
DA:124,4
DA:125,4
DA:126,4
DA:127,4
DA:128,1
DA:129,1
DA:130,1
DA:131,1
DA:132,1
DA:133,1
DA:134,1
DA:135,1
DA:136,1
DA:137,1
DA:138,1
DA:139,1
DA:140,1
DA:141,1
DA:142,1
DA:143,1
DA:144,1
DA:145,1
DA:146,1
DA:147,1
DA:148,1
DA:149,1
DA:150,1
DA:151,1
DA:152,1
DA:153,1
DA:154,1
DA:155,1
DA:156,1
DA:157,1
DA:158,1
DA:159,1
DA:160,1
DA:161,1
DA:162,1
DA:163,1
DA:164,1
DA:165,1
DA:166,1
DA:167,1
DA:168,1
DA:169,1
DA:170,1
DA:171,1
DA:172,1
DA:173,1
DA:174,1
DA:175,1
DA:176,1
DA:177,1
DA:178,1
DA:179,1
DA:180,1
DA:181,1
DA:182,1
DA:183,1
DA:184,1
DA:185,1
DA:186,1
DA:187,1
DA:188,1
DA:189,1
DA:190,1
DA:191,1
DA:192,1
DA:193,1
DA:194,1
DA:195,1
DA:196,1
DA:197,1
DA:198,1
DA:199,1
DA:200,1
DA:201,1
DA:202,1
DA:203,1
DA:204,1
DA:205,1
DA:206,1
DA:207,1
DA:208,1
DA:209,1
DA:210,1
DA:211,1
DA:212,1
DA:213,1
DA:214,1
DA:215,1
DA:216,1
DA:217,1
DA:218,1
DA:219,1
DA:220,1
DA:221,1
DA:222,1
DA:223,1
DA:224,1
DA:225,1
DA:226,1
DA:227,1
DA:228,1
DA:229,1
DA:230,1
DA:231,1
DA:232,1
DA:233,1
DA:234,1
DA:235,1
DA:236,1
DA:237,1
DA:238,1
DA:239,1
DA:240,1
DA:241,1
DA:242,1
LF:242
LH:237
BRDA:77,0,0,1
BRDA:86,1,0,41
BRDA:86,2,0,23
BRDA:88,3,0,1
BRDA:92,4,0,0
BRDA:95,5,0,1
BRDA:101,6,0,0
BRDA:104,7,0,2
BRDA:105,8,0,1
BRDA:115,9,0,0
BRDA:107,10,0,2
BRDA:108,11,0,0
BRDA:110,12,0,0
BRDA:110,13,0,0
BRDA:112,14,0,2
BRDA:118,15,0,4
BRDA:125,16,0,0
BRDA:129,17,0,1
BRDA:136,18,0,0
BRDA:141,19,0,0
BRDA:144,20,0,0
BRDA:169,21,0,0
BRDA:172,22,0,0
BRDA:175,23,0,0
BRDA:179,24,0,0
BRDA:181,25,0,0
BRDA:191,26,0,0
BRDA:194,27,0,0
BRDA:201,28,0,0
BRDA:202,29,0,0
BRDA:214,30,0,0
BRDA:217,31,0,0
BRDA:220,32,0,0
BRDA:227,33,0,0
BRDA:238,34,0,0
BRF:35
BRH:11
end_of_record
TN:
SF:utils\itineraryParser.ts
FN:3,parsePlanToDetails
FNF:1
FNH:1
FNDA:7,parsePlanToDetails
DA:1,1
DA:2,1
DA:3,1
DA:4,7
DA:5,7
DA:6,7
DA:7,7
DA:8,36
DA:9,36
DA:10,26
DA:11,26
DA:12,36
DA:13,11
DA:14,11
DA:15,11
DA:16,2
DA:17,2
DA:18,2
DA:19,2
DA:20,2
DA:21,2
DA:22,2
DA:23,11
DA:24,11
DA:25,15
DA:26,13
DA:27,13
DA:28,13
DA:29,13
DA:30,13
DA:31,36
DA:32,36
DA:33,36
DA:34,7
DA:35,7
DA:36,7
LF:36
LH:36
BRDA:3,0,0,7
BRDA:7,1,0,36
BRDA:9,2,0,10
BRDA:10,3,0,26
BRDA:12,4,0,11
BRDA:15,5,0,6
BRDA:15,6,0,2
BRDA:19,7,0,0
BRDA:20,8,0,0
BRDA:25,9,0,15
BRDA:25,10,0,2
BRDA:26,11,0,13
BRDA:28,12,0,0
BRDA:29,13,0,13
BRDA:31,14,0,3
BRDA:31,15,0,10
BRDA:32,16,0,3
BRDA:32,17,0,10
BRF:18
BRH:15
end_of_record
